2023-07-21T18:27:20.725+05:30  INFO 18428 --- [main] c.e.demo.UserCrudeOpratioApplication     : Starting UserCrudeOpratioApplication using Java 17.0.6 with PID 18428 (C:\EclipAlolproject\UserCrudeOpratio\UserCrudeOpratio\target\classes started by nexwa in C:\EclipAlolproject\UserCrudeOpratio\UserCrudeOpratio)
2023-07-21T18:27:20.729+05:30  INFO 18428 --- [main] c.e.demo.UserCrudeOpratioApplication     : No active profile set, falling back to 1 default profile: "default"
2023-07-21T18:27:22.029+05:30  INFO 18428 --- [main] .s.d.r.c.RepositoryConfigurationDelegate : Bootstrapping Spring Data MongoDB repositories in DEFAULT mode.
2023-07-21T18:27:22.090+05:30  INFO 18428 --- [main] .s.d.r.c.RepositoryConfigurationDelegate : Finished Spring Data repository scanning in 54 ms. Found 1 MongoDB repository interfaces.
2023-07-21T18:27:22.649+05:30  INFO 18428 --- [main] o.s.b.w.embedded.tomcat.TomcatWebServer  : Tomcat initialized with port(s): 8081 (http)
2023-07-21T18:27:22.663+05:30  INFO 18428 --- [main] o.apache.catalina.core.StandardService   : Starting service [Tomcat]
2023-07-21T18:27:22.663+05:30  INFO 18428 --- [main] o.apache.catalina.core.StandardEngine    : Starting Servlet engine: [Apache Tomcat/10.1.4]
2023-07-21T18:27:22.757+05:30  INFO 18428 --- [main] o.a.c.c.C.[Tomcat].[localhost].[/]       : Initializing Spring embedded WebApplicationContext
2023-07-21T18:27:22.757+05:30  INFO 18428 --- [main] w.s.c.ServletWebServerApplicationContext : Root WebApplicationContext: initialization completed in 1970 ms
2023-07-21T18:27:22.998+05:30  INFO 18428 --- [main] org.mongodb.driver.client                : MongoClient with metadata {"driver": {"name": "mongo-java-driver|sync|spring-boot", "version": "4.8.1"}, "os": {"type": "Windows", "name": "Windows 11", "architecture": "amd64", "version": "10.0"}, "platform": "Java/Eclipse Adoptium/17.0.6+10"} created with settings MongoClientSettings{readPreference=primary, writeConcern=WriteConcern{w=null, wTimeout=null ms, journal=null}, retryWrites=true, retryReads=true, readConcern=ReadConcern{level=null}, credential=null, streamFactoryFactory=null, commandListeners=[], codecRegistry=ProvidersCodecRegistry{codecProviders=[ValueCodecProvider{}, BsonValueCodecProvider{}, DBRefCodecProvider{}, DBObjectCodecProvider{}, DocumentCodecProvider{}, CollectionCodecProvider{}, IterableCodecProvider{}, MapCodecProvider{}, GeoJsonCodecProvider{}, GridFSFileCodecProvider{}, Jsr310CodecProvider{}, JsonObjectCodecProvider{}, BsonCodecProvider{}, EnumCodecProvider{}, com.mongodb.Jep395RecordCodecProvider@566e142]}, clusterSettings={hosts=[localhost:27017], srvServiceName=mongodb, mode=SINGLE, requiredClusterType=UNKNOWN, requiredReplicaSetName='null', serverSelector='null', clusterListeners='[]', serverSelectionTimeout='30000 ms', localThreshold='30000 ms'}, socketSettings=SocketSettings{connectTimeoutMS=10000, readTimeoutMS=0, receiveBufferSize=0, sendBufferSize=0}, heartbeatSocketSettings=SocketSettings{connectTimeoutMS=10000, readTimeoutMS=10000, receiveBufferSize=0, sendBufferSize=0}, connectionPoolSettings=ConnectionPoolSettings{maxSize=100, minSize=0, maxWaitTimeMS=120000, maxConnectionLifeTimeMS=0, maxConnectionIdleTimeMS=0, maintenanceInitialDelayMS=0, maintenanceFrequencyMS=60000, connectionPoolListeners=[], maxConnecting=2}, serverSettings=ServerSettings{heartbeatFrequencyMS=10000, minHeartbeatFrequencyMS=500, serverListeners='[]', serverMonitorListeners='[]'}, sslSettings=SslSettings{enabled=false, invalidHostNameAllowed=false, context=null}, applicationName='null', compressorList=[], uuidRepresentation=JAVA_LEGACY, serverApi=null, autoEncryptionSettings=null, contextProvider=null}
2023-07-21T18:27:23.437+05:30  INFO 18428 --- [cluster-ClusterId{value='64ba80b235495c76a3e4608c', description='null'}-localhost:27017] org.mongodb.driver.cluster               : Monitor thread successfully connected to server with description ServerDescription{address=localhost:27017, type=STANDALONE, state=CONNECTED, ok=true, minWireVersion=0, maxWireVersion=17, maxDocumentSize=16777216, logicalSessionTimeoutMinutes=30, roundTripTimeNanos=442531400}
2023-07-21T18:27:24.254+05:30  INFO 18428 --- [main] o.s.s.web.DefaultSecurityFilterChain     : Will secure any request with [org.springframework.security.web.session.DisableEncodeUrlFilter@3be80ece, org.springframework.security.web.context.request.async.WebAsyncManagerIntegrationFilter@60a01cb, org.springframework.security.web.context.SecurityContextHolderFilter@6ef1c3f7, org.springframework.security.web.header.HeaderWriterFilter@adafe19, org.springframework.security.web.csrf.CsrfFilter@21c75084, org.springframework.security.web.authentication.logout.LogoutFilter@48c5698, org.springframework.security.web.authentication.UsernamePasswordAuthenticationFilter@308e87a1, org.springframework.security.web.authentication.ui.DefaultLoginPageGeneratingFilter@7eee6c13, org.springframework.security.web.authentication.ui.DefaultLogoutPageGeneratingFilter@4efb13f1, org.springframework.security.web.savedrequest.RequestCacheAwareFilter@1322b575, org.springframework.security.web.servletapi.SecurityContextHolderAwareRequestFilter@e4ca109, org.springframework.security.web.authentication.AnonymousAuthenticationFilter@7bb4ed71, org.springframework.security.web.access.ExceptionTranslationFilter@3ee6dc82, org.springframework.security.web.access.intercept.AuthorizationFilter@45d389f2]
2023-07-21T18:27:24.458+05:30  INFO 18428 --- [main] o.s.b.w.embedded.tomcat.TomcatWebServer  : Tomcat started on port(s): 8081 (http) with context path ''
2023-07-21T18:27:24.467+05:30  INFO 18428 --- [main] c.e.demo.UserCrudeOpratioApplication     : Started UserCrudeOpratioApplication in 4.221 seconds (process running for 5.184)
2023-07-21T18:31:23.929+05:30  INFO 18428 --- [RMI TCP Connection(7)-127.0.0.1] inMXBeanRegistrar$SpringApplicationAdmin : Application shutdown requested.
2023-07-21T18:31:23.938+05:30  INFO 18428 --- [RMI TCP Connection(7)-127.0.0.1] o.apache.catalina.core.StandardService   : Stopping service [Tomcat]
2023-07-21T18:31:25.667+05:30  INFO 14256 --- [main] c.e.demo.UserCrudeOpratioApplication     : Starting UserCrudeOpratioApplication using Java 17.0.6 with PID 14256 (C:\EclipAlolproject\UserCrudeOpratio\UserCrudeOpratio\target\classes started by nexwa in C:\EclipAlolproject\UserCrudeOpratio\UserCrudeOpratio)
2023-07-21T18:31:25.669+05:30  INFO 14256 --- [main] c.e.demo.UserCrudeOpratioApplication     : No active profile set, falling back to 1 default profile: "default"
2023-07-21T18:31:26.078+05:30  INFO 14256 --- [main] .s.d.r.c.RepositoryConfigurationDelegate : Bootstrapping Spring Data MongoDB repositories in DEFAULT mode.
2023-07-21T18:31:26.126+05:30  INFO 14256 --- [main] .s.d.r.c.RepositoryConfigurationDelegate : Finished Spring Data repository scanning in 44 ms. Found 1 MongoDB repository interfaces.
2023-07-21T18:31:26.430+05:30  INFO 14256 --- [main] o.s.b.w.embedded.tomcat.TomcatWebServer  : Tomcat initialized with port(s): 8081 (http)
2023-07-21T18:31:26.438+05:30  INFO 14256 --- [main] o.apache.catalina.core.StandardService   : Starting service [Tomcat]
2023-07-21T18:31:26.438+05:30  INFO 14256 --- [main] o.apache.catalina.core.StandardEngine    : Starting Servlet engine: [Apache Tomcat/10.1.4]
2023-07-21T18:31:26.501+05:30  INFO 14256 --- [main] o.a.c.c.C.[Tomcat].[localhost].[/]       : Initializing Spring embedded WebApplicationContext
2023-07-21T18:31:26.502+05:30  INFO 14256 --- [main] w.s.c.ServletWebServerApplicationContext : Root WebApplicationContext: initialization completed in 800 ms
2023-07-21T18:31:26.641+05:30  INFO 14256 --- [main] org.mongodb.driver.client                : MongoClient with metadata {"driver": {"name": "mongo-java-driver|sync|spring-boot", "version": "4.8.1"}, "os": {"type": "Windows", "name": "Windows 11", "architecture": "amd64", "version": "10.0"}, "platform": "Java/Eclipse Adoptium/17.0.6+10"} created with settings MongoClientSettings{readPreference=primary, writeConcern=WriteConcern{w=null, wTimeout=null ms, journal=null}, retryWrites=true, retryReads=true, readConcern=ReadConcern{level=null}, credential=null, streamFactoryFactory=null, commandListeners=[], codecRegistry=ProvidersCodecRegistry{codecProviders=[ValueCodecProvider{}, BsonValueCodecProvider{}, DBRefCodecProvider{}, DBObjectCodecProvider{}, DocumentCodecProvider{}, CollectionCodecProvider{}, IterableCodecProvider{}, MapCodecProvider{}, GeoJsonCodecProvider{}, GridFSFileCodecProvider{}, Jsr310CodecProvider{}, JsonObjectCodecProvider{}, BsonCodecProvider{}, EnumCodecProvider{}, com.mongodb.Jep395RecordCodecProvider@7f13811b]}, clusterSettings={hosts=[localhost:27017], srvServiceName=mongodb, mode=SINGLE, requiredClusterType=UNKNOWN, requiredReplicaSetName='null', serverSelector='null', clusterListeners='[]', serverSelectionTimeout='30000 ms', localThreshold='30000 ms'}, socketSettings=SocketSettings{connectTimeoutMS=10000, readTimeoutMS=0, receiveBufferSize=0, sendBufferSize=0}, heartbeatSocketSettings=SocketSettings{connectTimeoutMS=10000, readTimeoutMS=10000, receiveBufferSize=0, sendBufferSize=0}, connectionPoolSettings=ConnectionPoolSettings{maxSize=100, minSize=0, maxWaitTimeMS=120000, maxConnectionLifeTimeMS=0, maxConnectionIdleTimeMS=0, maintenanceInitialDelayMS=0, maintenanceFrequencyMS=60000, connectionPoolListeners=[], maxConnecting=2}, serverSettings=ServerSettings{heartbeatFrequencyMS=10000, minHeartbeatFrequencyMS=500, serverListeners='[]', serverMonitorListeners='[]'}, sslSettings=SslSettings{enabled=false, invalidHostNameAllowed=false, context=null}, applicationName='null', compressorList=[], uuidRepresentation=JAVA_LEGACY, serverApi=null, autoEncryptionSettings=null, contextProvider=null}
2023-07-21T18:31:26.654+05:30  INFO 14256 --- [cluster-ClusterId{value='64ba81a6c102d74b8f450069', description='null'}-localhost:27017] org.mongodb.driver.cluster               : Monitor thread successfully connected to server with description ServerDescription{address=localhost:27017, type=STANDALONE, state=CONNECTED, ok=true, minWireVersion=0, maxWireVersion=17, maxDocumentSize=16777216, logicalSessionTimeoutMinutes=30, roundTripTimeNanos=17168000}
2023-07-21T18:31:27.161+05:30  INFO 14256 --- [main] o.s.s.web.DefaultSecurityFilterChain     : Will secure any request with [org.springframework.security.web.session.DisableEncodeUrlFilter@51132514, org.springframework.security.web.context.request.async.WebAsyncManagerIntegrationFilter@20864cd1, org.springframework.security.web.context.SecurityContextHolderFilter@d3cce46, org.springframework.security.web.header.HeaderWriterFilter@697a92af, org.springframework.security.web.csrf.CsrfFilter@473847fb, org.springframework.security.web.authentication.logout.LogoutFilter@7afb9c93, org.springframework.security.web.authentication.UsernamePasswordAuthenticationFilter@3dfe59d7, org.springframework.security.web.authentication.ui.DefaultLoginPageGeneratingFilter@382faf51, org.springframework.security.web.authentication.ui.DefaultLogoutPageGeneratingFilter@5c839677, org.springframework.security.web.authentication.www.BasicAuthenticationFilter@295b07e0, org.springframework.security.web.savedrequest.RequestCacheAwareFilter@52b30054, org.springframework.security.web.servletapi.SecurityContextHolderAwareRequestFilter@18c820d2, org.springframework.security.web.authentication.AnonymousAuthenticationFilter@3193e21d, org.springframework.security.web.access.ExceptionTranslationFilter@2ab8589a, org.springframework.security.web.access.intercept.AuthorizationFilter@2905b568]
2023-07-21T18:31:27.200+05:30  INFO 14256 --- [main] o.s.b.w.embedded.tomcat.TomcatWebServer  : Tomcat started on port(s): 8081 (http) with context path ''
2023-07-21T18:31:27.207+05:30  INFO 14256 --- [main] c.e.demo.UserCrudeOpratioApplication     : Started UserCrudeOpratioApplication in 1.867 seconds (process running for 2.352)
2023-07-21T18:36:57.800+05:30  INFO 14256 --- [http-nio-8081-exec-1] o.a.c.c.C.[Tomcat].[localhost].[/]       : Initializing Spring DispatcherServlet 'dispatcherServlet'
2023-07-21T18:36:57.801+05:30  INFO 14256 --- [http-nio-8081-exec-1] o.s.web.servlet.DispatcherServlet        : Initializing Servlet 'dispatcherServlet'
2023-07-21T18:36:57.802+05:30  INFO 14256 --- [http-nio-8081-exec-1] o.s.web.servlet.DispatcherServlet        : Completed initialization in 1 ms
2023-07-21T18:37:14.424+05:30  INFO 14256 --- [http-nio-8081-exec-5] c.e.d.interceptor.EmployeeInterceptor    : URL: /api/getall | Method: GET
2023-07-21T18:37:15.195+05:30  INFO 14256 --- [http-nio-8081-exec-3] c.e.d.interceptor.EmployeeInterceptor    : URL: /favicon.ico | Method: GET
2023-07-21T18:37:15.200+05:30  INFO 14256 --- [http-nio-8081-exec-3] c.e.d.interceptor.EmployeeInterceptor    : URL: /error | Method: GET
2023-07-21T18:47:10.260+05:30  INFO 14256 --- [RMI TCP Connection(19)-127.0.0.1] inMXBeanRegistrar$SpringApplicationAdmin : Application shutdown requested.
2023-07-21T18:47:10.269+05:30  INFO 14256 --- [RMI TCP Connection(19)-127.0.0.1] o.apache.catalina.core.StandardService   : Stopping service [Tomcat]
2023-07-21T18:47:10.271+05:30  INFO 14256 --- [RMI TCP Connection(19)-127.0.0.1] o.a.c.c.C.[Tomcat].[localhost].[/]       : Destroying Spring FrameworkServlet 'dispatcherServlet'
2023-07-21T18:47:12.069+05:30  INFO 8988 --- [main] c.e.demo.UserCrudeOpratioApplication     : Starting UserCrudeOpratioApplication using Java 17.0.6 with PID 8988 (C:\EclipAlolproject\UserCrudeOpratio\UserCrudeOpratio\target\classes started by nexwa in C:\EclipAlolproject\UserCrudeOpratio\UserCrudeOpratio)
2023-07-21T18:47:12.071+05:30  INFO 8988 --- [main] c.e.demo.UserCrudeOpratioApplication     : No active profile set, falling back to 1 default profile: "default"
2023-07-21T18:47:12.478+05:30  INFO 8988 --- [main] .s.d.r.c.RepositoryConfigurationDelegate : Bootstrapping Spring Data MongoDB repositories in DEFAULT mode.
2023-07-21T18:47:12.522+05:30  INFO 8988 --- [main] .s.d.r.c.RepositoryConfigurationDelegate : Finished Spring Data repository scanning in 36 ms. Found 1 MongoDB repository interfaces.
2023-07-21T18:47:12.843+05:30  INFO 8988 --- [main] o.s.b.w.embedded.tomcat.TomcatWebServer  : Tomcat initialized with port(s): 8081 (http)
2023-07-21T18:47:12.851+05:30  INFO 8988 --- [main] o.apache.catalina.core.StandardService   : Starting service [Tomcat]
2023-07-21T18:47:12.851+05:30  INFO 8988 --- [main] o.apache.catalina.core.StandardEngine    : Starting Servlet engine: [Apache Tomcat/10.1.4]
2023-07-21T18:47:12.923+05:30  INFO 8988 --- [main] o.a.c.c.C.[Tomcat].[localhost].[/]       : Initializing Spring embedded WebApplicationContext
2023-07-21T18:47:12.923+05:30  INFO 8988 --- [main] w.s.c.ServletWebServerApplicationContext : Root WebApplicationContext: initialization completed in 816 ms
2023-07-21T18:47:13.055+05:30  INFO 8988 --- [main] org.mongodb.driver.client                : MongoClient with metadata {"driver": {"name": "mongo-java-driver|sync|spring-boot", "version": "4.8.1"}, "os": {"type": "Windows", "name": "Windows 11", "architecture": "amd64", "version": "10.0"}, "platform": "Java/Eclipse Adoptium/17.0.6+10"} created with settings MongoClientSettings{readPreference=primary, writeConcern=WriteConcern{w=null, wTimeout=null ms, journal=null}, retryWrites=true, retryReads=true, readConcern=ReadConcern{level=null}, credential=null, streamFactoryFactory=null, commandListeners=[], codecRegistry=ProvidersCodecRegistry{codecProviders=[ValueCodecProvider{}, BsonValueCodecProvider{}, DBRefCodecProvider{}, DBObjectCodecProvider{}, DocumentCodecProvider{}, CollectionCodecProvider{}, IterableCodecProvider{}, MapCodecProvider{}, GeoJsonCodecProvider{}, GridFSFileCodecProvider{}, Jsr310CodecProvider{}, JsonObjectCodecProvider{}, BsonCodecProvider{}, EnumCodecProvider{}, com.mongodb.Jep395RecordCodecProvider@6588b715]}, clusterSettings={hosts=[localhost:27017], srvServiceName=mongodb, mode=SINGLE, requiredClusterType=UNKNOWN, requiredReplicaSetName='null', serverSelector='null', clusterListeners='[]', serverSelectionTimeout='30000 ms', localThreshold='30000 ms'}, socketSettings=SocketSettings{connectTimeoutMS=10000, readTimeoutMS=0, receiveBufferSize=0, sendBufferSize=0}, heartbeatSocketSettings=SocketSettings{connectTimeoutMS=10000, readTimeoutMS=10000, receiveBufferSize=0, sendBufferSize=0}, connectionPoolSettings=ConnectionPoolSettings{maxSize=100, minSize=0, maxWaitTimeMS=120000, maxConnectionLifeTimeMS=0, maxConnectionIdleTimeMS=0, maintenanceInitialDelayMS=0, maintenanceFrequencyMS=60000, connectionPoolListeners=[], maxConnecting=2}, serverSettings=ServerSettings{heartbeatFrequencyMS=10000, minHeartbeatFrequencyMS=500, serverListeners='[]', serverMonitorListeners='[]'}, sslSettings=SslSettings{enabled=false, invalidHostNameAllowed=false, context=null}, applicationName='null', compressorList=[], uuidRepresentation=JAVA_LEGACY, serverApi=null, autoEncryptionSettings=null, contextProvider=null}
2023-07-21T18:47:13.066+05:30  INFO 8988 --- [cluster-ClusterId{value='64ba8559eff57e60b7070ab2', description='null'}-localhost:27017] org.mongodb.driver.cluster               : Monitor thread successfully connected to server with description ServerDescription{address=localhost:27017, type=STANDALONE, state=CONNECTED, ok=true, minWireVersion=0, maxWireVersion=17, maxDocumentSize=16777216, logicalSessionTimeoutMinutes=30, roundTripTimeNanos=16929800}
2023-07-21T18:47:13.382+05:30  INFO 8988 --- [main] o.s.s.web.DefaultSecurityFilterChain     : Will secure any request with [org.springframework.security.web.session.DisableEncodeUrlFilter@609b041c, org.springframework.security.web.context.request.async.WebAsyncManagerIntegrationFilter@474e34e4, org.springframework.security.web.context.SecurityContextHolderFilter@50a7c72b, org.springframework.security.web.header.HeaderWriterFilter@4601047, org.springframework.security.web.authentication.logout.LogoutFilter@59f45950, org.springframework.security.web.authentication.www.BasicAuthenticationFilter@18c7f6b5, org.springframework.security.web.savedrequest.RequestCacheAwareFilter@221b77d7, org.springframework.security.web.servletapi.SecurityContextHolderAwareRequestFilter@1753475d, org.springframework.security.web.authentication.AnonymousAuthenticationFilter@7e2c6702, org.springframework.security.web.access.ExceptionTranslationFilter@7e18ced7, org.springframework.security.web.access.intercept.AuthorizationFilter@4f26425b]
2023-07-21T18:47:13.581+05:30  INFO 8988 --- [main] o.s.b.w.embedded.tomcat.TomcatWebServer  : Tomcat started on port(s): 8081 (http) with context path ''
2023-07-21T18:47:13.587+05:30  INFO 8988 --- [main] c.e.demo.UserCrudeOpratioApplication     : Started UserCrudeOpratioApplication in 1.838 seconds (process running for 2.324)
2023-07-21T18:47:24.762+05:30  INFO 8988 --- [http-nio-8081-exec-1] o.a.c.c.C.[Tomcat].[localhost].[/]       : Initializing Spring DispatcherServlet 'dispatcherServlet'
2023-07-21T18:47:24.762+05:30  INFO 8988 --- [http-nio-8081-exec-1] o.s.web.servlet.DispatcherServlet        : Initializing Servlet 'dispatcherServlet'
2023-07-21T18:47:24.763+05:30  INFO 8988 --- [http-nio-8081-exec-1] o.s.web.servlet.DispatcherServlet        : Completed initialization in 1 ms
2023-07-21T18:49:01.094+05:30  INFO 8988 --- [RMI TCP Connection(5)-127.0.0.1] inMXBeanRegistrar$SpringApplicationAdmin : Application shutdown requested.
2023-07-21T18:49:01.117+05:30  INFO 8988 --- [RMI TCP Connection(5)-127.0.0.1] o.apache.catalina.core.StandardService   : Stopping service [Tomcat]
2023-07-21T18:49:01.119+05:30  INFO 8988 --- [RMI TCP Connection(5)-127.0.0.1] o.a.c.c.C.[Tomcat].[localhost].[/]       : Destroying Spring FrameworkServlet 'dispatcherServlet'
2023-07-21T18:49:02.879+05:30  INFO 3448 --- [main] c.e.demo.UserCrudeOpratioApplication     : Starting UserCrudeOpratioApplication using Java 17.0.6 with PID 3448 (C:\EclipAlolproject\UserCrudeOpratio\UserCrudeOpratio\target\classes started by nexwa in C:\EclipAlolproject\UserCrudeOpratio\UserCrudeOpratio)
2023-07-21T18:49:02.881+05:30  INFO 3448 --- [main] c.e.demo.UserCrudeOpratioApplication     : No active profile set, falling back to 1 default profile: "default"
2023-07-21T18:49:03.328+05:30  INFO 3448 --- [main] .s.d.r.c.RepositoryConfigurationDelegate : Bootstrapping Spring Data MongoDB repositories in DEFAULT mode.
2023-07-21T18:49:03.371+05:30  INFO 3448 --- [main] .s.d.r.c.RepositoryConfigurationDelegate : Finished Spring Data repository scanning in 40 ms. Found 1 MongoDB repository interfaces.
2023-07-21T18:49:03.697+05:30  INFO 3448 --- [main] o.s.b.w.embedded.tomcat.TomcatWebServer  : Tomcat initialized with port(s): 8081 (http)
2023-07-21T18:49:03.704+05:30  INFO 3448 --- [main] o.apache.catalina.core.StandardService   : Starting service [Tomcat]
2023-07-21T18:49:03.705+05:30  INFO 3448 --- [main] o.apache.catalina.core.StandardEngine    : Starting Servlet engine: [Apache Tomcat/10.1.4]
2023-07-21T18:49:03.770+05:30  INFO 3448 --- [main] o.a.c.c.C.[Tomcat].[localhost].[/]       : Initializing Spring embedded WebApplicationContext
2023-07-21T18:49:03.771+05:30  INFO 3448 --- [main] w.s.c.ServletWebServerApplicationContext : Root WebApplicationContext: initialization completed in 850 ms
2023-07-21T18:49:03.903+05:30  INFO 3448 --- [main] org.mongodb.driver.client                : MongoClient with metadata {"driver": {"name": "mongo-java-driver|sync|spring-boot", "version": "4.8.1"}, "os": {"type": "Windows", "name": "Windows 11", "architecture": "amd64", "version": "10.0"}, "platform": "Java/Eclipse Adoptium/17.0.6+10"} created with settings MongoClientSettings{readPreference=primary, writeConcern=WriteConcern{w=null, wTimeout=null ms, journal=null}, retryWrites=true, retryReads=true, readConcern=ReadConcern{level=null}, credential=null, streamFactoryFactory=null, commandListeners=[], codecRegistry=ProvidersCodecRegistry{codecProviders=[ValueCodecProvider{}, BsonValueCodecProvider{}, DBRefCodecProvider{}, DBObjectCodecProvider{}, DocumentCodecProvider{}, CollectionCodecProvider{}, IterableCodecProvider{}, MapCodecProvider{}, GeoJsonCodecProvider{}, GridFSFileCodecProvider{}, Jsr310CodecProvider{}, JsonObjectCodecProvider{}, BsonCodecProvider{}, EnumCodecProvider{}, com.mongodb.Jep395RecordCodecProvider@7c40ffef]}, clusterSettings={hosts=[localhost:27017], srvServiceName=mongodb, mode=SINGLE, requiredClusterType=UNKNOWN, requiredReplicaSetName='null', serverSelector='null', clusterListeners='[]', serverSelectionTimeout='30000 ms', localThreshold='30000 ms'}, socketSettings=SocketSettings{connectTimeoutMS=10000, readTimeoutMS=0, receiveBufferSize=0, sendBufferSize=0}, heartbeatSocketSettings=SocketSettings{connectTimeoutMS=10000, readTimeoutMS=10000, receiveBufferSize=0, sendBufferSize=0}, connectionPoolSettings=ConnectionPoolSettings{maxSize=100, minSize=0, maxWaitTimeMS=120000, maxConnectionLifeTimeMS=0, maxConnectionIdleTimeMS=0, maintenanceInitialDelayMS=0, maintenanceFrequencyMS=60000, connectionPoolListeners=[], maxConnecting=2}, serverSettings=ServerSettings{heartbeatFrequencyMS=10000, minHeartbeatFrequencyMS=500, serverListeners='[]', serverMonitorListeners='[]'}, sslSettings=SslSettings{enabled=false, invalidHostNameAllowed=false, context=null}, applicationName='null', compressorList=[], uuidRepresentation=JAVA_LEGACY, serverApi=null, autoEncryptionSettings=null, contextProvider=null}
2023-07-21T18:49:03.919+05:30  INFO 3448 --- [cluster-ClusterId{value='64ba85c7f33d1417250d97bf', description='null'}-localhost:27017] org.mongodb.driver.cluster               : Monitor thread successfully connected to server with description ServerDescription{address=localhost:27017, type=STANDALONE, state=CONNECTED, ok=true, minWireVersion=0, maxWireVersion=17, maxDocumentSize=16777216, logicalSessionTimeoutMinutes=30, roundTripTimeNanos=21432100}
2023-07-21T18:49:04.229+05:30  INFO 3448 --- [main] o.s.s.web.DefaultSecurityFilterChain     : Will secure any request with [org.springframework.security.web.session.DisableEncodeUrlFilter@22da200e, org.springframework.security.web.context.request.async.WebAsyncManagerIntegrationFilter@4f26425b, org.springframework.security.web.context.SecurityContextHolderFilter@7b377a53, org.springframework.security.web.header.HeaderWriterFilter@49653791, org.springframework.security.web.authentication.logout.LogoutFilter@638afcaa, org.springframework.security.web.authentication.www.BasicAuthenticationFilter@1c6e3ff9, org.springframework.security.web.savedrequest.RequestCacheAwareFilter@6009cd34, org.springframework.security.web.servletapi.SecurityContextHolderAwareRequestFilter@60928a61, org.springframework.security.web.authentication.AnonymousAuthenticationFilter@f03ee8f, org.springframework.security.web.access.ExceptionTranslationFilter@65859b44, org.springframework.security.web.access.intercept.AuthorizationFilter@66a82a13]
2023-07-21T18:49:04.443+05:30  INFO 3448 --- [main] o.s.b.w.embedded.tomcat.TomcatWebServer  : Tomcat started on port(s): 8081 (http) with context path ''
2023-07-21T18:49:04.450+05:30  INFO 3448 --- [main] c.e.demo.UserCrudeOpratioApplication     : Started UserCrudeOpratioApplication in 1.888 seconds (process running for 2.371)
2023-07-21T18:50:48.718+05:30  INFO 3448 --- [RMI TCP Connection(6)-127.0.0.1] inMXBeanRegistrar$SpringApplicationAdmin : Application shutdown requested.
2023-07-21T18:50:48.742+05:30  INFO 3448 --- [RMI TCP Connection(6)-127.0.0.1] o.apache.catalina.core.StandardService   : Stopping service [Tomcat]
2023-07-21T18:50:50.416+05:30  INFO 18116 --- [main] c.e.demo.UserCrudeOpratioApplication     : Starting UserCrudeOpratioApplication using Java 17.0.6 with PID 18116 (C:\EclipAlolproject\UserCrudeOpratio\UserCrudeOpratio\target\classes started by nexwa in C:\EclipAlolproject\UserCrudeOpratio\UserCrudeOpratio)
2023-07-21T18:50:50.418+05:30  INFO 18116 --- [main] c.e.demo.UserCrudeOpratioApplication     : No active profile set, falling back to 1 default profile: "default"
2023-07-21T18:50:50.892+05:30  INFO 18116 --- [main] .s.d.r.c.RepositoryConfigurationDelegate : Bootstrapping Spring Data MongoDB repositories in DEFAULT mode.
2023-07-21T18:50:50.938+05:30  INFO 18116 --- [main] .s.d.r.c.RepositoryConfigurationDelegate : Finished Spring Data repository scanning in 42 ms. Found 1 MongoDB repository interfaces.
2023-07-21T18:50:51.267+05:30  INFO 18116 --- [main] o.s.b.w.embedded.tomcat.TomcatWebServer  : Tomcat initialized with port(s): 8081 (http)
2023-07-21T18:50:51.275+05:30  INFO 18116 --- [main] o.apache.catalina.core.StandardService   : Starting service [Tomcat]
2023-07-21T18:50:51.275+05:30  INFO 18116 --- [main] o.apache.catalina.core.StandardEngine    : Starting Servlet engine: [Apache Tomcat/10.1.4]
2023-07-21T18:50:51.350+05:30  INFO 18116 --- [main] o.a.c.c.C.[Tomcat].[localhost].[/]       : Initializing Spring embedded WebApplicationContext
2023-07-21T18:50:51.351+05:30  INFO 18116 --- [main] w.s.c.ServletWebServerApplicationContext : Root WebApplicationContext: initialization completed in 883 ms
2023-07-21T18:50:51.488+05:30  INFO 18116 --- [main] org.mongodb.driver.client                : MongoClient with metadata {"driver": {"name": "mongo-java-driver|sync|spring-boot", "version": "4.8.1"}, "os": {"type": "Windows", "name": "Windows 11", "architecture": "amd64", "version": "10.0"}, "platform": "Java/Eclipse Adoptium/17.0.6+10"} created with settings MongoClientSettings{readPreference=primary, writeConcern=WriteConcern{w=null, wTimeout=null ms, journal=null}, retryWrites=true, retryReads=true, readConcern=ReadConcern{level=null}, credential=null, streamFactoryFactory=null, commandListeners=[], codecRegistry=ProvidersCodecRegistry{codecProviders=[ValueCodecProvider{}, BsonValueCodecProvider{}, DBRefCodecProvider{}, DBObjectCodecProvider{}, DocumentCodecProvider{}, CollectionCodecProvider{}, IterableCodecProvider{}, MapCodecProvider{}, GeoJsonCodecProvider{}, GridFSFileCodecProvider{}, Jsr310CodecProvider{}, JsonObjectCodecProvider{}, BsonCodecProvider{}, EnumCodecProvider{}, com.mongodb.Jep395RecordCodecProvider@6f6efa4f]}, clusterSettings={hosts=[localhost:27017], srvServiceName=mongodb, mode=SINGLE, requiredClusterType=UNKNOWN, requiredReplicaSetName='null', serverSelector='null', clusterListeners='[]', serverSelectionTimeout='30000 ms', localThreshold='30000 ms'}, socketSettings=SocketSettings{connectTimeoutMS=10000, readTimeoutMS=0, receiveBufferSize=0, sendBufferSize=0}, heartbeatSocketSettings=SocketSettings{connectTimeoutMS=10000, readTimeoutMS=10000, receiveBufferSize=0, sendBufferSize=0}, connectionPoolSettings=ConnectionPoolSettings{maxSize=100, minSize=0, maxWaitTimeMS=120000, maxConnectionLifeTimeMS=0, maxConnectionIdleTimeMS=0, maintenanceInitialDelayMS=0, maintenanceFrequencyMS=60000, connectionPoolListeners=[], maxConnecting=2}, serverSettings=ServerSettings{heartbeatFrequencyMS=10000, minHeartbeatFrequencyMS=500, serverListeners='[]', serverMonitorListeners='[]'}, sslSettings=SslSettings{enabled=false, invalidHostNameAllowed=false, context=null}, applicationName='null', compressorList=[], uuidRepresentation=JAVA_LEGACY, serverApi=null, autoEncryptionSettings=null, contextProvider=null}
2023-07-21T18:50:51.502+05:30  INFO 18116 --- [cluster-ClusterId{value='64ba863364d12a334952064c', description='null'}-localhost:27017] org.mongodb.driver.cluster               : Monitor thread successfully connected to server with description ServerDescription{address=localhost:27017, type=STANDALONE, state=CONNECTED, ok=true, minWireVersion=0, maxWireVersion=17, maxDocumentSize=16777216, logicalSessionTimeoutMinutes=30, roundTripTimeNanos=19606000}
2023-07-21T18:50:51.810+05:30  INFO 18116 --- [main] o.s.s.web.DefaultSecurityFilterChain     : Will secure any request with [org.springframework.security.web.session.DisableEncodeUrlFilter@615e83ac, org.springframework.security.web.context.request.async.WebAsyncManagerIntegrationFilter@4438938e, org.springframework.security.web.context.SecurityContextHolderFilter@8077c97, org.springframework.security.web.header.HeaderWriterFilter@4e5c8ef3, org.springframework.security.web.authentication.logout.LogoutFilter@43e8f1c, org.springframework.security.web.authentication.www.BasicAuthenticationFilter@4ebd6fd6, org.springframework.security.web.savedrequest.RequestCacheAwareFilter@563317c1, org.springframework.security.web.servletapi.SecurityContextHolderAwareRequestFilter@305b43ca, org.springframework.security.web.authentication.AnonymousAuthenticationFilter@4e50ae56, org.springframework.security.web.access.ExceptionTranslationFilter@65844c96, org.springframework.security.web.access.intercept.AuthorizationFilter@5773d271]
2023-07-21T18:50:52.013+05:30  INFO 18116 --- [main] o.s.b.w.embedded.tomcat.TomcatWebServer  : Tomcat started on port(s): 8081 (http) with context path ''
2023-07-21T18:50:52.020+05:30  INFO 18116 --- [main] c.e.demo.UserCrudeOpratioApplication     : Started UserCrudeOpratioApplication in 1.936 seconds (process running for 2.423)
2023-07-21T18:51:03.383+05:30  INFO 18116 --- [http-nio-8081-exec-1] o.a.c.c.C.[Tomcat].[localhost].[/]       : Initializing Spring DispatcherServlet 'dispatcherServlet'
2023-07-21T18:51:03.384+05:30  INFO 18116 --- [http-nio-8081-exec-1] o.s.web.servlet.DispatcherServlet        : Initializing Servlet 'dispatcherServlet'
2023-07-21T18:51:03.384+05:30  INFO 18116 --- [http-nio-8081-exec-1] o.s.web.servlet.DispatcherServlet        : Completed initialization in 0 ms
2023-07-21T18:51:03.486+05:30 ERROR 18116 --- [http-nio-8081-exec-1] o.a.c.c.C.[.[.[/].[dispatcherServlet]    : Servlet.service() for servlet [dispatcherServlet] in context with path [] threw exception

java.lang.IllegalArgumentException: There is no PasswordEncoder mapped for the id "null"
	at org.springframework.security.crypto.password.DelegatingPasswordEncoder$UnmappedIdPasswordEncoder.matches(DelegatingPasswordEncoder.java:289) ~[spring-security-crypto-6.0.1.jar:6.0.1]
	at org.springframework.security.crypto.password.DelegatingPasswordEncoder.matches(DelegatingPasswordEncoder.java:237) ~[spring-security-crypto-6.0.1.jar:6.0.1]
	at org.springframework.security.authentication.dao.DaoAuthenticationProvider.additionalAuthenticationChecks(DaoAuthenticationProvider.java:77) ~[spring-security-core-6.0.1.jar:6.0.1]
	at org.springframework.security.authentication.dao.AbstractUserDetailsAuthenticationProvider.authenticate(AbstractUserDetailsAuthenticationProvider.java:147) ~[spring-security-core-6.0.1.jar:6.0.1]
	at org.springframework.security.authentication.ProviderManager.authenticate(ProviderManager.java:182) ~[spring-security-core-6.0.1.jar:6.0.1]
	at org.springframework.security.authentication.ProviderManager.authenticate(ProviderManager.java:201) ~[spring-security-core-6.0.1.jar:6.0.1]
	at org.springframework.security.web.authentication.www.BasicAuthenticationFilter.doFilterInternal(BasicAuthenticationFilter.java:176) ~[spring-security-web-6.0.1.jar:6.0.1]
	at org.springframework.web.filter.OncePerRequestFilter.doFilter(OncePerRequestFilter.java:116) ~[spring-web-6.0.3.jar:6.0.3]
	at org.springframework.security.web.FilterChainProxy$VirtualFilterChain.doFilter(FilterChainProxy.java:374) ~[spring-security-web-6.0.1.jar:6.0.1]
	at org.springframework.security.web.authentication.logout.LogoutFilter.doFilter(LogoutFilter.java:107) ~[spring-security-web-6.0.1.jar:6.0.1]
	at org.springframework.security.web.authentication.logout.LogoutFilter.doFilter(LogoutFilter.java:93) ~[spring-security-web-6.0.1.jar:6.0.1]
	at org.springframework.security.web.FilterChainProxy$VirtualFilterChain.doFilter(FilterChainProxy.java:374) ~[spring-security-web-6.0.1.jar:6.0.1]
	at org.springframework.security.web.header.HeaderWriterFilter.doHeadersAfter(HeaderWriterFilter.java:90) ~[spring-security-web-6.0.1.jar:6.0.1]
	at org.springframework.security.web.header.HeaderWriterFilter.doFilterInternal(HeaderWriterFilter.java:75) ~[spring-security-web-6.0.1.jar:6.0.1]
	at org.springframework.web.filter.OncePerRequestFilter.doFilter(OncePerRequestFilter.java:116) ~[spring-web-6.0.3.jar:6.0.3]
	at org.springframework.security.web.FilterChainProxy$VirtualFilterChain.doFilter(FilterChainProxy.java:374) ~[spring-security-web-6.0.1.jar:6.0.1]
	at org.springframework.security.web.context.SecurityContextHolderFilter.doFilter(SecurityContextHolderFilter.java:82) ~[spring-security-web-6.0.1.jar:6.0.1]
	at org.springframework.security.web.context.SecurityContextHolderFilter.doFilter(SecurityContextHolderFilter.java:69) ~[spring-security-web-6.0.1.jar:6.0.1]
	at org.springframework.security.web.FilterChainProxy$VirtualFilterChain.doFilter(FilterChainProxy.java:374) ~[spring-security-web-6.0.1.jar:6.0.1]
	at org.springframework.security.web.context.request.async.WebAsyncManagerIntegrationFilter.doFilterInternal(WebAsyncManagerIntegrationFilter.java:62) ~[spring-security-web-6.0.1.jar:6.0.1]
	at org.springframework.web.filter.OncePerRequestFilter.doFilter(OncePerRequestFilter.java:116) ~[spring-web-6.0.3.jar:6.0.3]
	at org.springframework.security.web.FilterChainProxy$VirtualFilterChain.doFilter(FilterChainProxy.java:374) ~[spring-security-web-6.0.1.jar:6.0.1]
	at org.springframework.security.web.session.DisableEncodeUrlFilter.doFilterInternal(DisableEncodeUrlFilter.java:42) ~[spring-security-web-6.0.1.jar:6.0.1]
	at org.springframework.web.filter.OncePerRequestFilter.doFilter(OncePerRequestFilter.java:116) ~[spring-web-6.0.3.jar:6.0.3]
	at org.springframework.security.web.FilterChainProxy$VirtualFilterChain.doFilter(FilterChainProxy.java:374) ~[spring-security-web-6.0.1.jar:6.0.1]
	at org.springframework.security.web.FilterChainProxy.doFilterInternal(FilterChainProxy.java:233) ~[spring-security-web-6.0.1.jar:6.0.1]
	at org.springframework.security.web.FilterChainProxy.doFilter(FilterChainProxy.java:191) ~[spring-security-web-6.0.1.jar:6.0.1]
	at org.springframework.web.filter.DelegatingFilterProxy.invokeDelegate(DelegatingFilterProxy.java:351) ~[spring-web-6.0.3.jar:6.0.3]
	at org.springframework.web.filter.DelegatingFilterProxy.doFilter(DelegatingFilterProxy.java:267) ~[spring-web-6.0.3.jar:6.0.3]
	at org.apache.catalina.core.ApplicationFilterChain.internalDoFilter(ApplicationFilterChain.java:185) ~[tomcat-embed-core-10.1.4.jar:10.1.4]
	at org.apache.catalina.core.ApplicationFilterChain.doFilter(ApplicationFilterChain.java:158) ~[tomcat-embed-core-10.1.4.jar:10.1.4]
	at org.springframework.web.filter.RequestContextFilter.doFilterInternal(RequestContextFilter.java:100) ~[spring-web-6.0.3.jar:6.0.3]
	at org.springframework.web.filter.OncePerRequestFilter.doFilter(OncePerRequestFilter.java:116) ~[spring-web-6.0.3.jar:6.0.3]
	at org.apache.catalina.core.ApplicationFilterChain.internalDoFilter(ApplicationFilterChain.java:185) ~[tomcat-embed-core-10.1.4.jar:10.1.4]
	at org.apache.catalina.core.ApplicationFilterChain.doFilter(ApplicationFilterChain.java:158) ~[tomcat-embed-core-10.1.4.jar:10.1.4]
	at org.springframework.web.filter.FormContentFilter.doFilterInternal(FormContentFilter.java:93) ~[spring-web-6.0.3.jar:6.0.3]
	at org.springframework.web.filter.OncePerRequestFilter.doFilter(OncePerRequestFilter.java:116) ~[spring-web-6.0.3.jar:6.0.3]
	at org.apache.catalina.core.ApplicationFilterChain.internalDoFilter(ApplicationFilterChain.java:185) ~[tomcat-embed-core-10.1.4.jar:10.1.4]
	at org.apache.catalina.core.ApplicationFilterChain.doFilter(ApplicationFilterChain.java:158) ~[tomcat-embed-core-10.1.4.jar:10.1.4]
	at org.springframework.web.filter.CharacterEncodingFilter.doFilterInternal(CharacterEncodingFilter.java:201) ~[spring-web-6.0.3.jar:6.0.3]
	at org.springframework.web.filter.OncePerRequestFilter.doFilter(OncePerRequestFilter.java:116) ~[spring-web-6.0.3.jar:6.0.3]
	at org.apache.catalina.core.ApplicationFilterChain.internalDoFilter(ApplicationFilterChain.java:185) ~[tomcat-embed-core-10.1.4.jar:10.1.4]
	at org.apache.catalina.core.ApplicationFilterChain.doFilter(ApplicationFilterChain.java:158) ~[tomcat-embed-core-10.1.4.jar:10.1.4]
	at org.apache.catalina.core.StandardWrapperValve.invoke(StandardWrapperValve.java:177) ~[tomcat-embed-core-10.1.4.jar:10.1.4]
	at org.apache.catalina.core.StandardContextValve.invoke(StandardContextValve.java:97) ~[tomcat-embed-core-10.1.4.jar:10.1.4]
	at org.apache.catalina.authenticator.AuthenticatorBase.invoke(AuthenticatorBase.java:542) ~[tomcat-embed-core-10.1.4.jar:10.1.4]
	at org.apache.catalina.core.StandardHostValve.invoke(StandardHostValve.java:119) ~[tomcat-embed-core-10.1.4.jar:10.1.4]
	at org.apache.catalina.valves.ErrorReportValve.invoke(ErrorReportValve.java:92) ~[tomcat-embed-core-10.1.4.jar:10.1.4]
	at org.apache.catalina.core.StandardEngineValve.invoke(StandardEngineValve.java:78) ~[tomcat-embed-core-10.1.4.jar:10.1.4]
	at org.apache.catalina.connector.CoyoteAdapter.service(CoyoteAdapter.java:357) ~[tomcat-embed-core-10.1.4.jar:10.1.4]
	at org.apache.coyote.http11.Http11Processor.service(Http11Processor.java:400) ~[tomcat-embed-core-10.1.4.jar:10.1.4]
	at org.apache.coyote.AbstractProcessorLight.process(AbstractProcessorLight.java:65) ~[tomcat-embed-core-10.1.4.jar:10.1.4]
	at org.apache.coyote.AbstractProtocol$ConnectionHandler.process(AbstractProtocol.java:859) ~[tomcat-embed-core-10.1.4.jar:10.1.4]
	at org.apache.tomcat.util.net.NioEndpoint$SocketProcessor.doRun(NioEndpoint.java:1734) ~[tomcat-embed-core-10.1.4.jar:10.1.4]
	at org.apache.tomcat.util.net.SocketProcessorBase.run(SocketProcessorBase.java:52) ~[tomcat-embed-core-10.1.4.jar:10.1.4]
	at org.apache.tomcat.util.threads.ThreadPoolExecutor.runWorker(ThreadPoolExecutor.java:1191) ~[tomcat-embed-core-10.1.4.jar:10.1.4]
	at org.apache.tomcat.util.threads.ThreadPoolExecutor$Worker.run(ThreadPoolExecutor.java:659) ~[tomcat-embed-core-10.1.4.jar:10.1.4]
	at org.apache.tomcat.util.threads.TaskThread$WrappingRunnable.run(TaskThread.java:61) ~[tomcat-embed-core-10.1.4.jar:10.1.4]
	at java.base/java.lang.Thread.run(Thread.java:833) ~[na:na]

2023-07-21T18:53:31.733+05:30  INFO 18116 --- [RMI TCP Connection(6)-127.0.0.1] inMXBeanRegistrar$SpringApplicationAdmin : Application shutdown requested.
2023-07-21T18:53:31.741+05:30  INFO 18116 --- [RMI TCP Connection(6)-127.0.0.1] o.apache.catalina.core.StandardService   : Stopping service [Tomcat]
2023-07-21T18:53:31.742+05:30  INFO 18116 --- [RMI TCP Connection(6)-127.0.0.1] o.a.c.c.C.[Tomcat].[localhost].[/]       : Destroying Spring FrameworkServlet 'dispatcherServlet'
2023-07-21T18:53:33.430+05:30  INFO 2936 --- [main] c.e.demo.UserCrudeOpratioApplication     : Starting UserCrudeOpratioApplication using Java 17.0.6 with PID 2936 (C:\EclipAlolproject\UserCrudeOpratio\UserCrudeOpratio\target\classes started by nexwa in C:\EclipAlolproject\UserCrudeOpratio\UserCrudeOpratio)
2023-07-21T18:53:33.432+05:30  INFO 2936 --- [main] c.e.demo.UserCrudeOpratioApplication     : No active profile set, falling back to 1 default profile: "default"
2023-07-21T18:53:33.851+05:30  INFO 2936 --- [main] .s.d.r.c.RepositoryConfigurationDelegate : Bootstrapping Spring Data MongoDB repositories in DEFAULT mode.
2023-07-21T18:53:33.890+05:30  INFO 2936 --- [main] .s.d.r.c.RepositoryConfigurationDelegate : Finished Spring Data repository scanning in 36 ms. Found 1 MongoDB repository interfaces.
2023-07-21T18:53:34.202+05:30  INFO 2936 --- [main] o.s.b.w.embedded.tomcat.TomcatWebServer  : Tomcat initialized with port(s): 8081 (http)
2023-07-21T18:53:34.210+05:30  INFO 2936 --- [main] o.apache.catalina.core.StandardService   : Starting service [Tomcat]
2023-07-21T18:53:34.210+05:30  INFO 2936 --- [main] o.apache.catalina.core.StandardEngine    : Starting Servlet engine: [Apache Tomcat/10.1.4]
2023-07-21T18:53:34.282+05:30  INFO 2936 --- [main] o.a.c.c.C.[Tomcat].[localhost].[/]       : Initializing Spring embedded WebApplicationContext
2023-07-21T18:53:34.283+05:30  INFO 2936 --- [main] w.s.c.ServletWebServerApplicationContext : Root WebApplicationContext: initialization completed in 815 ms
2023-07-21T18:53:34.411+05:30  INFO 2936 --- [main] org.mongodb.driver.client                : MongoClient with metadata {"driver": {"name": "mongo-java-driver|sync|spring-boot", "version": "4.8.1"}, "os": {"type": "Windows", "name": "Windows 11", "architecture": "amd64", "version": "10.0"}, "platform": "Java/Eclipse Adoptium/17.0.6+10"} created with settings MongoClientSettings{readPreference=primary, writeConcern=WriteConcern{w=null, wTimeout=null ms, journal=null}, retryWrites=true, retryReads=true, readConcern=ReadConcern{level=null}, credential=null, streamFactoryFactory=null, commandListeners=[], codecRegistry=ProvidersCodecRegistry{codecProviders=[ValueCodecProvider{}, BsonValueCodecProvider{}, DBRefCodecProvider{}, DBObjectCodecProvider{}, DocumentCodecProvider{}, CollectionCodecProvider{}, IterableCodecProvider{}, MapCodecProvider{}, GeoJsonCodecProvider{}, GridFSFileCodecProvider{}, Jsr310CodecProvider{}, JsonObjectCodecProvider{}, BsonCodecProvider{}, EnumCodecProvider{}, com.mongodb.Jep395RecordCodecProvider@4e3f2908]}, clusterSettings={hosts=[localhost:27017], srvServiceName=mongodb, mode=SINGLE, requiredClusterType=UNKNOWN, requiredReplicaSetName='null', serverSelector='null', clusterListeners='[]', serverSelectionTimeout='30000 ms', localThreshold='30000 ms'}, socketSettings=SocketSettings{connectTimeoutMS=10000, readTimeoutMS=0, receiveBufferSize=0, sendBufferSize=0}, heartbeatSocketSettings=SocketSettings{connectTimeoutMS=10000, readTimeoutMS=10000, receiveBufferSize=0, sendBufferSize=0}, connectionPoolSettings=ConnectionPoolSettings{maxSize=100, minSize=0, maxWaitTimeMS=120000, maxConnectionLifeTimeMS=0, maxConnectionIdleTimeMS=0, maintenanceInitialDelayMS=0, maintenanceFrequencyMS=60000, connectionPoolListeners=[], maxConnecting=2}, serverSettings=ServerSettings{heartbeatFrequencyMS=10000, minHeartbeatFrequencyMS=500, serverListeners='[]', serverMonitorListeners='[]'}, sslSettings=SslSettings{enabled=false, invalidHostNameAllowed=false, context=null}, applicationName='null', compressorList=[], uuidRepresentation=JAVA_LEGACY, serverApi=null, autoEncryptionSettings=null, contextProvider=null}
2023-07-21T18:53:34.421+05:30  INFO 2936 --- [cluster-ClusterId{value='64ba86d6bfdc164ad4365a84', description='null'}-localhost:27017] org.mongodb.driver.cluster               : Monitor thread successfully connected to server with description ServerDescription{address=localhost:27017, type=STANDALONE, state=CONNECTED, ok=true, minWireVersion=0, maxWireVersion=17, maxDocumentSize=16777216, logicalSessionTimeoutMinutes=30, roundTripTimeNanos=18425000}
2023-07-21T18:53:34.825+05:30  INFO 2936 --- [main] o.s.s.web.DefaultSecurityFilterChain     : Will secure any request with [org.springframework.security.web.session.DisableEncodeUrlFilter@7e2c6702, org.springframework.security.web.context.request.async.WebAsyncManagerIntegrationFilter@5fb7ab9c, org.springframework.security.web.context.SecurityContextHolderFilter@221b77d7, org.springframework.security.web.header.HeaderWriterFilter@3a0896b3, org.springframework.security.web.authentication.logout.LogoutFilter@58164e9a, org.springframework.security.web.authentication.www.BasicAuthenticationFilter@3af36922, org.springframework.security.web.savedrequest.RequestCacheAwareFilter@32a8ca06, org.springframework.security.web.servletapi.SecurityContextHolderAwareRequestFilter@799c8758, org.springframework.security.web.authentication.AnonymousAuthenticationFilter@6734ff92, org.springframework.security.web.access.ExceptionTranslationFilter@4601047, org.springframework.security.web.access.intercept.AuthorizationFilter@40dd552c]
2023-07-21T18:53:35.031+05:30  INFO 2936 --- [main] o.s.b.w.embedded.tomcat.TomcatWebServer  : Tomcat started on port(s): 8081 (http) with context path ''
2023-07-21T18:53:35.040+05:30  INFO 2936 --- [main] c.e.demo.UserCrudeOpratioApplication     : Started UserCrudeOpratioApplication in 1.939 seconds (process running for 2.434)
2023-07-21T18:53:51.901+05:30  INFO 2936 --- [http-nio-8081-exec-1] o.a.c.c.C.[Tomcat].[localhost].[/]       : Initializing Spring DispatcherServlet 'dispatcherServlet'
2023-07-21T18:53:51.901+05:30  INFO 2936 --- [http-nio-8081-exec-1] o.s.web.servlet.DispatcherServlet        : Initializing Servlet 'dispatcherServlet'
2023-07-21T18:53:51.902+05:30  INFO 2936 --- [http-nio-8081-exec-1] o.s.web.servlet.DispatcherServlet        : Completed initialization in 1 ms
2023-07-21T19:03:17.387+05:30  INFO 2936 --- [RMI TCP Connection(14)-127.0.0.1] inMXBeanRegistrar$SpringApplicationAdmin : Application shutdown requested.
2023-07-21T19:03:17.412+05:30  INFO 2936 --- [RMI TCP Connection(14)-127.0.0.1] o.apache.catalina.core.StandardService   : Stopping service [Tomcat]
2023-07-21T19:03:17.413+05:30  INFO 2936 --- [RMI TCP Connection(14)-127.0.0.1] o.a.c.c.C.[Tomcat].[localhost].[/]       : Destroying Spring FrameworkServlet 'dispatcherServlet'
2023-07-21T19:03:19.007+05:30  INFO 24300 --- [main] c.e.demo.UserCrudeOpratioApplication     : Starting UserCrudeOpratioApplication using Java 17.0.6 with PID 24300 (C:\EclipAlolproject\UserCrudeOpratio\UserCrudeOpratio\target\classes started by nexwa in C:\EclipAlolproject\UserCrudeOpratio\UserCrudeOpratio)
2023-07-21T19:03:19.010+05:30  INFO 24300 --- [main] c.e.demo.UserCrudeOpratioApplication     : No active profile set, falling back to 1 default profile: "default"
2023-07-21T19:03:19.433+05:30  INFO 24300 --- [main] .s.d.r.c.RepositoryConfigurationDelegate : Bootstrapping Spring Data MongoDB repositories in DEFAULT mode.
2023-07-21T19:03:19.472+05:30  INFO 24300 --- [main] .s.d.r.c.RepositoryConfigurationDelegate : Finished Spring Data repository scanning in 36 ms. Found 1 MongoDB repository interfaces.
2023-07-21T19:03:19.816+05:30  INFO 24300 --- [main] o.s.b.w.embedded.tomcat.TomcatWebServer  : Tomcat initialized with port(s): 8081 (http)
2023-07-21T19:03:19.824+05:30  INFO 24300 --- [main] o.apache.catalina.core.StandardService   : Starting service [Tomcat]
2023-07-21T19:03:19.825+05:30  INFO 24300 --- [main] o.apache.catalina.core.StandardEngine    : Starting Servlet engine: [Apache Tomcat/10.1.4]
2023-07-21T19:03:19.913+05:30  INFO 24300 --- [main] o.a.c.c.C.[Tomcat].[localhost].[/]       : Initializing Spring embedded WebApplicationContext
2023-07-21T19:03:19.913+05:30  INFO 24300 --- [main] w.s.c.ServletWebServerApplicationContext : Root WebApplicationContext: initialization completed in 872 ms
2023-07-21T19:03:20.060+05:30  INFO 24300 --- [main] org.mongodb.driver.client                : MongoClient with metadata {"driver": {"name": "mongo-java-driver|sync|spring-boot", "version": "4.8.1"}, "os": {"type": "Windows", "name": "Windows 11", "architecture": "amd64", "version": "10.0"}, "platform": "Java/Eclipse Adoptium/17.0.6+10"} created with settings MongoClientSettings{readPreference=primary, writeConcern=WriteConcern{w=null, wTimeout=null ms, journal=null}, retryWrites=true, retryReads=true, readConcern=ReadConcern{level=null}, credential=null, streamFactoryFactory=null, commandListeners=[], codecRegistry=ProvidersCodecRegistry{codecProviders=[ValueCodecProvider{}, BsonValueCodecProvider{}, DBRefCodecProvider{}, DBObjectCodecProvider{}, DocumentCodecProvider{}, CollectionCodecProvider{}, IterableCodecProvider{}, MapCodecProvider{}, GeoJsonCodecProvider{}, GridFSFileCodecProvider{}, Jsr310CodecProvider{}, JsonObjectCodecProvider{}, BsonCodecProvider{}, EnumCodecProvider{}, com.mongodb.Jep395RecordCodecProvider@319642db]}, clusterSettings={hosts=[localhost:27017], srvServiceName=mongodb, mode=SINGLE, requiredClusterType=UNKNOWN, requiredReplicaSetName='null', serverSelector='null', clusterListeners='[]', serverSelectionTimeout='30000 ms', localThreshold='30000 ms'}, socketSettings=SocketSettings{connectTimeoutMS=10000, readTimeoutMS=0, receiveBufferSize=0, sendBufferSize=0}, heartbeatSocketSettings=SocketSettings{connectTimeoutMS=10000, readTimeoutMS=10000, receiveBufferSize=0, sendBufferSize=0}, connectionPoolSettings=ConnectionPoolSettings{maxSize=100, minSize=0, maxWaitTimeMS=120000, maxConnectionLifeTimeMS=0, maxConnectionIdleTimeMS=0, maintenanceInitialDelayMS=0, maintenanceFrequencyMS=60000, connectionPoolListeners=[], maxConnecting=2}, serverSettings=ServerSettings{heartbeatFrequencyMS=10000, minHeartbeatFrequencyMS=500, serverListeners='[]', serverMonitorListeners='[]'}, sslSettings=SslSettings{enabled=false, invalidHostNameAllowed=false, context=null}, applicationName='null', compressorList=[], uuidRepresentation=JAVA_LEGACY, serverApi=null, autoEncryptionSettings=null, contextProvider=null}
2023-07-21T19:03:20.073+05:30  INFO 24300 --- [cluster-ClusterId{value='64ba89204f12331e7a3bb72e', description='null'}-localhost:27017] org.mongodb.driver.cluster               : Monitor thread successfully connected to server with description ServerDescription{address=localhost:27017, type=STANDALONE, state=CONNECTED, ok=true, minWireVersion=0, maxWireVersion=17, maxDocumentSize=16777216, logicalSessionTimeoutMinutes=30, roundTripTimeNanos=15286400}
2023-07-21T19:03:20.646+05:30  INFO 24300 --- [main] o.s.s.web.DefaultSecurityFilterChain     : Will secure any request with [org.springframework.security.web.session.DisableEncodeUrlFilter@19105a87, org.springframework.security.web.context.request.async.WebAsyncManagerIntegrationFilter@83b0d0f, org.springframework.security.web.context.SecurityContextHolderFilter@70d3cdbf, org.springframework.security.web.header.HeaderWriterFilter@4b4927e5, org.springframework.security.web.authentication.logout.LogoutFilter@25218a4d, org.springframework.security.web.authentication.www.BasicAuthenticationFilter@77ccded4, org.springframework.security.web.savedrequest.RequestCacheAwareFilter@537ca28e, org.springframework.security.web.servletapi.SecurityContextHolderAwareRequestFilter@5b322873, org.springframework.security.web.authentication.AnonymousAuthenticationFilter@2bb717d7, org.springframework.security.web.access.ExceptionTranslationFilter@7606bd03, org.springframework.security.web.access.intercept.AuthorizationFilter@59ec7020]
2023-07-21T19:03:20.903+05:30  INFO 24300 --- [main] o.s.b.w.embedded.tomcat.TomcatWebServer  : Tomcat started on port(s): 8081 (http) with context path ''
2023-07-21T19:03:20.910+05:30  INFO 24300 --- [main] c.e.demo.UserCrudeOpratioApplication     : Started UserCrudeOpratioApplication in 2.217 seconds (process running for 2.706)
2023-07-21T19:04:28.436+05:30  INFO 24300 --- [http-nio-8081-exec-1] o.a.c.c.C.[Tomcat].[localhost].[/]       : Initializing Spring DispatcherServlet 'dispatcherServlet'
2023-07-21T19:04:28.436+05:30  INFO 24300 --- [http-nio-8081-exec-1] o.s.web.servlet.DispatcherServlet        : Initializing Servlet 'dispatcherServlet'
2023-07-21T19:04:28.437+05:30  INFO 24300 --- [http-nio-8081-exec-1] o.s.web.servlet.DispatcherServlet        : Completed initialization in 0 ms
2023-07-21T19:05:05.765+05:30  INFO 24300 --- [http-nio-8081-exec-6] c.e.d.interceptor.EmployeeInterceptor    : URL: /api/getall | Method: GET
2023-07-21T19:05:32.159+05:30  INFO 24300 --- [http-nio-8081-exec-10] c.e.d.interceptor.EmployeeInterceptor    : URL: /login | Method: GET
2023-07-21T19:05:32.162+05:30  INFO 24300 --- [http-nio-8081-exec-10] c.e.d.interceptor.EmployeeInterceptor    : URL: /error | Method: GET
2023-07-21T19:05:41.433+05:30  INFO 24300 --- [http-nio-8081-exec-9] c.e.d.interceptor.EmployeeInterceptor    : URL: /login | Method: GET
2023-07-21T19:05:41.446+05:30  INFO 24300 --- [http-nio-8081-exec-9] c.e.d.interceptor.EmployeeInterceptor    : URL: /error | Method: GET
2023-07-21T19:06:12.905+05:30  INFO 24300 --- [RMI TCP Connection(5)-127.0.0.1] inMXBeanRegistrar$SpringApplicationAdmin : Application shutdown requested.
2023-07-21T19:06:12.913+05:30  INFO 24300 --- [RMI TCP Connection(5)-127.0.0.1] o.apache.catalina.core.StandardService   : Stopping service [Tomcat]
2023-07-21T19:06:12.915+05:30  INFO 24300 --- [RMI TCP Connection(5)-127.0.0.1] o.a.c.c.C.[Tomcat].[localhost].[/]       : Destroying Spring FrameworkServlet 'dispatcherServlet'
2023-07-21T19:06:14.581+05:30  INFO 22636 --- [main] c.e.demo.UserCrudeOpratioApplication     : Starting UserCrudeOpratioApplication using Java 17.0.6 with PID 22636 (C:\EclipAlolproject\UserCrudeOpratio\UserCrudeOpratio\target\classes started by nexwa in C:\EclipAlolproject\UserCrudeOpratio\UserCrudeOpratio)
2023-07-21T19:06:14.583+05:30  INFO 22636 --- [main] c.e.demo.UserCrudeOpratioApplication     : No active profile set, falling back to 1 default profile: "default"
2023-07-21T19:06:15.002+05:30  INFO 22636 --- [main] .s.d.r.c.RepositoryConfigurationDelegate : Bootstrapping Spring Data MongoDB repositories in DEFAULT mode.
2023-07-21T19:06:15.041+05:30  INFO 22636 --- [main] .s.d.r.c.RepositoryConfigurationDelegate : Finished Spring Data repository scanning in 35 ms. Found 1 MongoDB repository interfaces.
2023-07-21T19:06:15.399+05:30  INFO 22636 --- [main] o.s.b.w.embedded.tomcat.TomcatWebServer  : Tomcat initialized with port(s): 8081 (http)
2023-07-21T19:06:15.409+05:30  INFO 22636 --- [main] o.apache.catalina.core.StandardService   : Starting service [Tomcat]
2023-07-21T19:06:15.409+05:30  INFO 22636 --- [main] o.apache.catalina.core.StandardEngine    : Starting Servlet engine: [Apache Tomcat/10.1.4]
2023-07-21T19:06:15.475+05:30  INFO 22636 --- [main] o.a.c.c.C.[Tomcat].[localhost].[/]       : Initializing Spring embedded WebApplicationContext
2023-07-21T19:06:15.476+05:30  INFO 22636 --- [main] w.s.c.ServletWebServerApplicationContext : Root WebApplicationContext: initialization completed in 858 ms
2023-07-21T19:06:15.629+05:30  INFO 22636 --- [main] org.mongodb.driver.client                : MongoClient with metadata {"driver": {"name": "mongo-java-driver|sync|spring-boot", "version": "4.8.1"}, "os": {"type": "Windows", "name": "Windows 11", "architecture": "amd64", "version": "10.0"}, "platform": "Java/Eclipse Adoptium/17.0.6+10"} created with settings MongoClientSettings{readPreference=primary, writeConcern=WriteConcern{w=null, wTimeout=null ms, journal=null}, retryWrites=true, retryReads=true, readConcern=ReadConcern{level=null}, credential=null, streamFactoryFactory=null, commandListeners=[], codecRegistry=ProvidersCodecRegistry{codecProviders=[ValueCodecProvider{}, BsonValueCodecProvider{}, DBRefCodecProvider{}, DBObjectCodecProvider{}, DocumentCodecProvider{}, CollectionCodecProvider{}, IterableCodecProvider{}, MapCodecProvider{}, GeoJsonCodecProvider{}, GridFSFileCodecProvider{}, Jsr310CodecProvider{}, JsonObjectCodecProvider{}, BsonCodecProvider{}, EnumCodecProvider{}, com.mongodb.Jep395RecordCodecProvider@22da2fe6]}, clusterSettings={hosts=[localhost:27017], srvServiceName=mongodb, mode=SINGLE, requiredClusterType=UNKNOWN, requiredReplicaSetName='null', serverSelector='null', clusterListeners='[]', serverSelectionTimeout='30000 ms', localThreshold='30000 ms'}, socketSettings=SocketSettings{connectTimeoutMS=10000, readTimeoutMS=0, receiveBufferSize=0, sendBufferSize=0}, heartbeatSocketSettings=SocketSettings{connectTimeoutMS=10000, readTimeoutMS=10000, receiveBufferSize=0, sendBufferSize=0}, connectionPoolSettings=ConnectionPoolSettings{maxSize=100, minSize=0, maxWaitTimeMS=120000, maxConnectionLifeTimeMS=0, maxConnectionIdleTimeMS=0, maintenanceInitialDelayMS=0, maintenanceFrequencyMS=60000, connectionPoolListeners=[], maxConnecting=2}, serverSettings=ServerSettings{heartbeatFrequencyMS=10000, minHeartbeatFrequencyMS=500, serverListeners='[]', serverMonitorListeners='[]'}, sslSettings=SslSettings{enabled=false, invalidHostNameAllowed=false, context=null}, applicationName='null', compressorList=[], uuidRepresentation=JAVA_LEGACY, serverApi=null, autoEncryptionSettings=null, contextProvider=null}
2023-07-21T19:06:15.639+05:30  INFO 22636 --- [cluster-ClusterId{value='64ba89cf4c27e2551cde0cf0', description='null'}-localhost:27017] org.mongodb.driver.cluster               : Monitor thread successfully connected to server with description ServerDescription{address=localhost:27017, type=STANDALONE, state=CONNECTED, ok=true, minWireVersion=0, maxWireVersion=17, maxDocumentSize=16777216, logicalSessionTimeoutMinutes=30, roundTripTimeNanos=15190600}
2023-07-21T19:06:16.158+05:30  INFO 22636 --- [main] o.s.s.web.DefaultSecurityFilterChain     : Will secure any request with [org.springframework.security.web.session.DisableEncodeUrlFilter@750cd36d, org.springframework.security.web.context.request.async.WebAsyncManagerIntegrationFilter@2c8ff67, org.springframework.security.web.context.SecurityContextHolderFilter@60dcf9ec, org.springframework.security.web.header.HeaderWriterFilter@4eeb14e0, org.springframework.security.web.authentication.logout.LogoutFilter@2fca3eb5, org.springframework.security.web.authentication.www.BasicAuthenticationFilter@5be51aa, org.springframework.security.web.savedrequest.RequestCacheAwareFilter@afee63, org.springframework.security.web.servletapi.SecurityContextHolderAwareRequestFilter@4b4927e5, org.springframework.security.web.authentication.AnonymousAuthenticationFilter@21733cbe, org.springframework.security.web.access.ExceptionTranslationFilter@33751d49, org.springframework.security.web.access.intercept.AuthorizationFilter@bf2aa32]
2023-07-21T19:06:16.401+05:30  INFO 22636 --- [main] o.s.b.w.embedded.tomcat.TomcatWebServer  : Tomcat started on port(s): 8081 (http) with context path ''
2023-07-21T19:06:16.408+05:30  INFO 22636 --- [main] c.e.demo.UserCrudeOpratioApplication     : Started UserCrudeOpratioApplication in 2.153 seconds (process running for 2.638)
2023-07-21T19:06:33.338+05:30  INFO 22636 --- [http-nio-8081-exec-1] o.a.c.c.C.[Tomcat].[localhost].[/]       : Initializing Spring DispatcherServlet 'dispatcherServlet'
2023-07-21T19:06:33.338+05:30  INFO 22636 --- [http-nio-8081-exec-1] o.s.web.servlet.DispatcherServlet        : Initializing Servlet 'dispatcherServlet'
2023-07-21T19:06:33.339+05:30  INFO 22636 --- [http-nio-8081-exec-1] o.s.web.servlet.DispatcherServlet        : Completed initialization in 1 ms
2023-07-21T19:06:33.562+05:30  INFO 22636 --- [http-nio-8081-exec-1] c.e.d.interceptor.EmployeeInterceptor    : URL: /users/alluser | Method: GET
2023-07-21T19:06:33.569+05:30  INFO 22636 --- [http-nio-8081-exec-1] c.e.d.interceptor.EmployeeInterceptor    : URL: /error | Method: GET
2023-07-21T19:06:40.041+05:30  INFO 22636 --- [http-nio-8081-exec-4] c.e.d.interceptor.EmployeeInterceptor    : URL: /users/alluser | Method: GET
2023-07-21T19:06:40.044+05:30  INFO 22636 --- [http-nio-8081-exec-4] c.e.d.interceptor.EmployeeInterceptor    : URL: /error | Method: GET
2023-07-21T19:06:58.561+05:30  INFO 22636 --- [http-nio-8081-exec-2] c.e.d.interceptor.EmployeeInterceptor    : URL: /login | Method: GET
2023-07-21T19:06:58.564+05:30  INFO 22636 --- [http-nio-8081-exec-2] c.e.d.interceptor.EmployeeInterceptor    : URL: /error | Method: GET
2023-07-21T19:07:23.248+05:30  INFO 22636 --- [http-nio-8081-exec-5] c.e.d.interceptor.EmployeeInterceptor    : URL: /users/alluser | Method: GET
2023-07-21T19:07:23.250+05:30  INFO 22636 --- [http-nio-8081-exec-5] c.e.d.interceptor.EmployeeInterceptor    : URL: /error | Method: GET
2023-07-21T19:07:31.134+05:30  INFO 22636 --- [RMI TCP Connection(5)-127.0.0.1] inMXBeanRegistrar$SpringApplicationAdmin : Application shutdown requested.
2023-07-21T19:07:31.141+05:30  INFO 22636 --- [RMI TCP Connection(5)-127.0.0.1] o.apache.catalina.core.StandardService   : Stopping service [Tomcat]
2023-07-21T19:07:31.142+05:30  INFO 22636 --- [RMI TCP Connection(5)-127.0.0.1] o.a.c.c.C.[Tomcat].[localhost].[/]       : Destroying Spring FrameworkServlet 'dispatcherServlet'
2023-07-21T19:07:32.834+05:30  INFO 8236 --- [main] c.e.demo.UserCrudeOpratioApplication     : Starting UserCrudeOpratioApplication using Java 17.0.6 with PID 8236 (C:\EclipAlolproject\UserCrudeOpratio\UserCrudeOpratio\target\classes started by nexwa in C:\EclipAlolproject\UserCrudeOpratio\UserCrudeOpratio)
2023-07-21T19:07:32.836+05:30  INFO 8236 --- [main] c.e.demo.UserCrudeOpratioApplication     : No active profile set, falling back to 1 default profile: "default"
2023-07-21T19:07:33.252+05:30  INFO 8236 --- [main] .s.d.r.c.RepositoryConfigurationDelegate : Bootstrapping Spring Data MongoDB repositories in DEFAULT mode.
2023-07-21T19:07:33.292+05:30  INFO 8236 --- [main] .s.d.r.c.RepositoryConfigurationDelegate : Finished Spring Data repository scanning in 36 ms. Found 1 MongoDB repository interfaces.
2023-07-21T19:07:33.638+05:30  INFO 8236 --- [main] o.s.b.w.embedded.tomcat.TomcatWebServer  : Tomcat initialized with port(s): 8081 (http)
2023-07-21T19:07:33.646+05:30  INFO 8236 --- [main] o.apache.catalina.core.StandardService   : Starting service [Tomcat]
2023-07-21T19:07:33.646+05:30  INFO 8236 --- [main] o.apache.catalina.core.StandardEngine    : Starting Servlet engine: [Apache Tomcat/10.1.4]
2023-07-21T19:07:33.714+05:30  INFO 8236 --- [main] o.a.c.c.C.[Tomcat].[localhost].[/]       : Initializing Spring embedded WebApplicationContext
2023-07-21T19:07:33.715+05:30  INFO 8236 --- [main] w.s.c.ServletWebServerApplicationContext : Root WebApplicationContext: initialization completed in 846 ms
2023-07-21T19:07:33.864+05:30  INFO 8236 --- [main] org.mongodb.driver.client                : MongoClient with metadata {"driver": {"name": "mongo-java-driver|sync|spring-boot", "version": "4.8.1"}, "os": {"type": "Windows", "name": "Windows 11", "architecture": "amd64", "version": "10.0"}, "platform": "Java/Eclipse Adoptium/17.0.6+10"} created with settings MongoClientSettings{readPreference=primary, writeConcern=WriteConcern{w=null, wTimeout=null ms, journal=null}, retryWrites=true, retryReads=true, readConcern=ReadConcern{level=null}, credential=null, streamFactoryFactory=null, commandListeners=[], codecRegistry=ProvidersCodecRegistry{codecProviders=[ValueCodecProvider{}, BsonValueCodecProvider{}, DBRefCodecProvider{}, DBObjectCodecProvider{}, DocumentCodecProvider{}, CollectionCodecProvider{}, IterableCodecProvider{}, MapCodecProvider{}, GeoJsonCodecProvider{}, GridFSFileCodecProvider{}, Jsr310CodecProvider{}, JsonObjectCodecProvider{}, BsonCodecProvider{}, EnumCodecProvider{}, com.mongodb.Jep395RecordCodecProvider@6367a688]}, clusterSettings={hosts=[localhost:27017], srvServiceName=mongodb, mode=SINGLE, requiredClusterType=UNKNOWN, requiredReplicaSetName='null', serverSelector='null', clusterListeners='[]', serverSelectionTimeout='30000 ms', localThreshold='30000 ms'}, socketSettings=SocketSettings{connectTimeoutMS=10000, readTimeoutMS=0, receiveBufferSize=0, sendBufferSize=0}, heartbeatSocketSettings=SocketSettings{connectTimeoutMS=10000, readTimeoutMS=10000, receiveBufferSize=0, sendBufferSize=0}, connectionPoolSettings=ConnectionPoolSettings{maxSize=100, minSize=0, maxWaitTimeMS=120000, maxConnectionLifeTimeMS=0, maxConnectionIdleTimeMS=0, maintenanceInitialDelayMS=0, maintenanceFrequencyMS=60000, connectionPoolListeners=[], maxConnecting=2}, serverSettings=ServerSettings{heartbeatFrequencyMS=10000, minHeartbeatFrequencyMS=500, serverListeners='[]', serverMonitorListeners='[]'}, sslSettings=SslSettings{enabled=false, invalidHostNameAllowed=false, context=null}, applicationName='null', compressorList=[], uuidRepresentation=JAVA_LEGACY, serverApi=null, autoEncryptionSettings=null, contextProvider=null}
2023-07-21T19:07:33.874+05:30  INFO 8236 --- [cluster-ClusterId{value='64ba8a1d4769be51510ce19c', description='null'}-localhost:27017] org.mongodb.driver.cluster               : Monitor thread successfully connected to server with description ServerDescription{address=localhost:27017, type=STANDALONE, state=CONNECTED, ok=true, minWireVersion=0, maxWireVersion=17, maxDocumentSize=16777216, logicalSessionTimeoutMinutes=30, roundTripTimeNanos=16589400}
2023-07-21T19:07:34.434+05:30  INFO 8236 --- [main] o.s.s.web.DefaultSecurityFilterChain     : Will secure any request with [org.springframework.security.web.session.DisableEncodeUrlFilter@83b0d0f, org.springframework.security.web.context.request.async.WebAsyncManagerIntegrationFilter@2bb717d7, org.springframework.security.web.context.SecurityContextHolderFilter@72a7aa4f, org.springframework.security.web.header.HeaderWriterFilter@4c5da4f9, org.springframework.security.web.authentication.logout.LogoutFilter@bf2aa32, org.springframework.security.web.authentication.www.BasicAuthenticationFilter@64c8fcfb, org.springframework.security.web.savedrequest.RequestCacheAwareFilter@5b322873, org.springframework.security.web.servletapi.SecurityContextHolderAwareRequestFilter@35e2b89f, org.springframework.security.web.authentication.AnonymousAuthenticationFilter@7afe0e67, org.springframework.security.web.access.ExceptionTranslationFilter@afee63, org.springframework.security.web.access.intercept.AuthorizationFilter@23f60b7d]
2023-07-21T19:07:34.692+05:30  INFO 8236 --- [main] o.s.b.w.embedded.tomcat.TomcatWebServer  : Tomcat started on port(s): 8081 (http) with context path ''
2023-07-21T19:07:34.699+05:30  INFO 8236 --- [main] c.e.demo.UserCrudeOpratioApplication     : Started UserCrudeOpratioApplication in 2.182 seconds (process running for 2.667)
2023-07-21T19:07:39.125+05:30  INFO 8236 --- [http-nio-8081-exec-3] o.a.c.c.C.[Tomcat].[localhost].[/]       : Initializing Spring DispatcherServlet 'dispatcherServlet'
2023-07-21T19:07:39.125+05:30  INFO 8236 --- [http-nio-8081-exec-3] o.s.web.servlet.DispatcherServlet        : Initializing Servlet 'dispatcherServlet'
2023-07-21T19:07:39.126+05:30  INFO 8236 --- [http-nio-8081-exec-3] o.s.web.servlet.DispatcherServlet        : Completed initialization in 1 ms
2023-07-21T19:07:52.721+05:30  INFO 8236 --- [http-nio-8081-exec-4] c.e.d.interceptor.EmployeeInterceptor    : URL: /api/getall | Method: GET
2023-07-21T19:08:20.747+05:30  INFO 8236 --- [http-nio-8081-exec-7] c.e.d.interceptor.EmployeeInterceptor    : URL: /login | Method: GET
2023-07-21T19:08:20.752+05:30  INFO 8236 --- [http-nio-8081-exec-7] c.e.d.interceptor.EmployeeInterceptor    : URL: /error | Method: GET
2023-07-21T19:08:24.654+05:30  INFO 8236 --- [http-nio-8081-exec-6] c.e.d.interceptor.EmployeeInterceptor    : URL: /login | Method: GET
2023-07-21T19:08:24.655+05:30  INFO 8236 --- [http-nio-8081-exec-6] c.e.d.interceptor.EmployeeInterceptor    : URL: /error | Method: GET
2023-07-21T19:08:29.292+05:30  INFO 8236 --- [http-nio-8081-exec-8] c.e.d.interceptor.EmployeeInterceptor    : URL: /login | Method: GET
2023-07-21T19:08:29.294+05:30  INFO 8236 --- [http-nio-8081-exec-8] c.e.d.interceptor.EmployeeInterceptor    : URL: /error | Method: GET
2023-07-21T19:09:36.581+05:30  INFO 8236 --- [http-nio-8081-exec-5] c.e.d.interceptor.EmployeeInterceptor    : URL: /api/getall | Method: GET
2023-07-21T19:09:36.586+05:30  INFO 8236 --- [http-nio-8081-exec-5] c.e.d.interceptor.EmployeeInterceptor    : URL: /error | Method: GET
2023-07-21T19:09:36.790+05:30  INFO 8236 --- [http-nio-8081-exec-6] c.e.d.interceptor.EmployeeInterceptor    : URL: /favicon.ico | Method: GET
2023-07-21T19:09:36.792+05:30  INFO 8236 --- [http-nio-8081-exec-6] c.e.d.interceptor.EmployeeInterceptor    : URL: /error | Method: GET
2023-07-21T19:09:52.020+05:30  INFO 8236 --- [http-nio-8081-exec-9] c.e.d.interceptor.EmployeeInterceptor    : URL: /api/getall | Method: GET
2023-07-21T19:09:52.022+05:30  INFO 8236 --- [http-nio-8081-exec-9] c.e.d.interceptor.EmployeeInterceptor    : URL: /error | Method: GET
2023-07-21T19:09:54.330+05:30  INFO 8236 --- [http-nio-8081-exec-10] c.e.d.interceptor.EmployeeInterceptor    : URL: /api/getall | Method: GET
2023-07-21T19:09:54.331+05:30  INFO 8236 --- [http-nio-8081-exec-10] c.e.d.interceptor.EmployeeInterceptor    : URL: /error | Method: GET
2023-07-21T19:09:55.122+05:30  INFO 8236 --- [http-nio-8081-exec-1] c.e.d.interceptor.EmployeeInterceptor    : URL: /api/getall | Method: GET
2023-07-21T19:09:55.123+05:30  INFO 8236 --- [http-nio-8081-exec-1] c.e.d.interceptor.EmployeeInterceptor    : URL: /error | Method: GET
2023-07-21T19:09:55.576+05:30  INFO 8236 --- [http-nio-8081-exec-3] c.e.d.interceptor.EmployeeInterceptor    : URL: /api/getall | Method: GET
2023-07-21T19:09:55.577+05:30  INFO 8236 --- [http-nio-8081-exec-3] c.e.d.interceptor.EmployeeInterceptor    : URL: /error | Method: GET
2023-07-21T19:09:55.729+05:30  INFO 8236 --- [http-nio-8081-exec-4] c.e.d.interceptor.EmployeeInterceptor    : URL: /api/getall | Method: GET
2023-07-21T19:09:55.729+05:30  INFO 8236 --- [http-nio-8081-exec-4] c.e.d.interceptor.EmployeeInterceptor    : URL: /error | Method: GET
2023-07-21T19:09:55.897+05:30  INFO 8236 --- [http-nio-8081-exec-5] c.e.d.interceptor.EmployeeInterceptor    : URL: /api/getall | Method: GET
2023-07-21T19:09:55.898+05:30  INFO 8236 --- [http-nio-8081-exec-5] c.e.d.interceptor.EmployeeInterceptor    : URL: /error | Method: GET
2023-07-21T19:09:56.065+05:30  INFO 8236 --- [http-nio-8081-exec-7] c.e.d.interceptor.EmployeeInterceptor    : URL: /api/getall | Method: GET
2023-07-21T19:09:56.067+05:30  INFO 8236 --- [http-nio-8081-exec-7] c.e.d.interceptor.EmployeeInterceptor    : URL: /error | Method: GET
2023-07-21T19:09:56.224+05:30  INFO 8236 --- [http-nio-8081-exec-6] c.e.d.interceptor.EmployeeInterceptor    : URL: /api/getall | Method: GET
2023-07-21T19:09:56.225+05:30  INFO 8236 --- [http-nio-8081-exec-6] c.e.d.interceptor.EmployeeInterceptor    : URL: /error | Method: GET
2023-07-21T19:10:44.895+05:30  INFO 8236 --- [http-nio-8081-exec-9] c.e.d.interceptor.EmployeeInterceptor    : URL: /api/getall | Method: GET
2023-07-21T19:10:44.896+05:30  INFO 8236 --- [http-nio-8081-exec-9] c.e.d.interceptor.EmployeeInterceptor    : URL: /error | Method: GET
2023-07-21T19:11:12.062+05:30  INFO 8236 --- [http-nio-8081-exec-4] c.e.d.interceptor.EmployeeInterceptor    : URL: /login | Method: GET
2023-07-21T19:11:12.063+05:30  INFO 8236 --- [http-nio-8081-exec-4] c.e.d.interceptor.EmployeeInterceptor    : URL: /error | Method: GET
2023-07-21T19:11:18.300+05:30  INFO 8236 --- [RMI TCP Connection(7)-127.0.0.1] inMXBeanRegistrar$SpringApplicationAdmin : Application shutdown requested.
2023-07-21T19:11:18.309+05:30  INFO 8236 --- [RMI TCP Connection(7)-127.0.0.1] o.apache.catalina.core.StandardService   : Stopping service [Tomcat]
2023-07-21T19:11:18.341+05:30  INFO 8236 --- [RMI TCP Connection(7)-127.0.0.1] o.a.c.c.C.[Tomcat].[localhost].[/]       : Destroying Spring FrameworkServlet 'dispatcherServlet'
2023-07-21T19:11:47.855+05:30  INFO 21080 --- [main] c.e.demo.UserCrudeOpratioApplication     : Starting UserCrudeOpratioApplication using Java 17.0.6 with PID 21080 (C:\EclipAlolproject\UserCrudeOpratio\UserCrudeOpratio\target\classes started by nexwa in C:\EclipAlolproject\UserCrudeOpratio\UserCrudeOpratio)
2023-07-21T19:11:47.857+05:30  INFO 21080 --- [main] c.e.demo.UserCrudeOpratioApplication     : No active profile set, falling back to 1 default profile: "default"
2023-07-21T19:11:48.278+05:30  INFO 21080 --- [main] .s.d.r.c.RepositoryConfigurationDelegate : Bootstrapping Spring Data MongoDB repositories in DEFAULT mode.
2023-07-21T19:11:48.320+05:30  INFO 21080 --- [main] .s.d.r.c.RepositoryConfigurationDelegate : Finished Spring Data repository scanning in 38 ms. Found 1 MongoDB repository interfaces.
2023-07-21T19:11:48.683+05:30  INFO 21080 --- [main] o.s.b.w.embedded.tomcat.TomcatWebServer  : Tomcat initialized with port(s): 8081 (http)
2023-07-21T19:11:48.692+05:30  INFO 21080 --- [main] o.apache.catalina.core.StandardService   : Starting service [Tomcat]
2023-07-21T19:11:48.692+05:30  INFO 21080 --- [main] o.apache.catalina.core.StandardEngine    : Starting Servlet engine: [Apache Tomcat/10.1.4]
2023-07-21T19:11:48.764+05:30  INFO 21080 --- [main] o.a.c.c.C.[Tomcat].[localhost].[/]       : Initializing Spring embedded WebApplicationContext
2023-07-21T19:11:48.765+05:30  INFO 21080 --- [main] w.s.c.ServletWebServerApplicationContext : Root WebApplicationContext: initialization completed in 868 ms
2023-07-21T19:11:48.903+05:30  INFO 21080 --- [main] org.mongodb.driver.client                : MongoClient with metadata {"driver": {"name": "mongo-java-driver|sync|spring-boot", "version": "4.8.1"}, "os": {"type": "Windows", "name": "Windows 11", "architecture": "amd64", "version": "10.0"}, "platform": "Java/Eclipse Adoptium/17.0.6+10"} created with settings MongoClientSettings{readPreference=primary, writeConcern=WriteConcern{w=null, wTimeout=null ms, journal=null}, retryWrites=true, retryReads=true, readConcern=ReadConcern{level=null}, credential=null, streamFactoryFactory=null, commandListeners=[], codecRegistry=ProvidersCodecRegistry{codecProviders=[ValueCodecProvider{}, BsonValueCodecProvider{}, DBRefCodecProvider{}, DBObjectCodecProvider{}, DocumentCodecProvider{}, CollectionCodecProvider{}, IterableCodecProvider{}, MapCodecProvider{}, GeoJsonCodecProvider{}, GridFSFileCodecProvider{}, Jsr310CodecProvider{}, JsonObjectCodecProvider{}, BsonCodecProvider{}, EnumCodecProvider{}, com.mongodb.Jep395RecordCodecProvider@309dcdf3]}, clusterSettings={hosts=[localhost:27017], srvServiceName=mongodb, mode=SINGLE, requiredClusterType=UNKNOWN, requiredReplicaSetName='null', serverSelector='null', clusterListeners='[]', serverSelectionTimeout='30000 ms', localThreshold='30000 ms'}, socketSettings=SocketSettings{connectTimeoutMS=10000, readTimeoutMS=0, receiveBufferSize=0, sendBufferSize=0}, heartbeatSocketSettings=SocketSettings{connectTimeoutMS=10000, readTimeoutMS=10000, receiveBufferSize=0, sendBufferSize=0}, connectionPoolSettings=ConnectionPoolSettings{maxSize=100, minSize=0, maxWaitTimeMS=120000, maxConnectionLifeTimeMS=0, maxConnectionIdleTimeMS=0, maintenanceInitialDelayMS=0, maintenanceFrequencyMS=60000, connectionPoolListeners=[], maxConnecting=2}, serverSettings=ServerSettings{heartbeatFrequencyMS=10000, minHeartbeatFrequencyMS=500, serverListeners='[]', serverMonitorListeners='[]'}, sslSettings=SslSettings{enabled=false, invalidHostNameAllowed=false, context=null}, applicationName='null', compressorList=[], uuidRepresentation=JAVA_LEGACY, serverApi=null, autoEncryptionSettings=null, contextProvider=null}
2023-07-21T19:11:48.919+05:30  INFO 21080 --- [cluster-ClusterId{value='64ba8b1c9136791c55ba3a78', description='null'}-localhost:27017] org.mongodb.driver.cluster               : Monitor thread successfully connected to server with description ServerDescription{address=localhost:27017, type=STANDALONE, state=CONNECTED, ok=true, minWireVersion=0, maxWireVersion=17, maxDocumentSize=16777216, logicalSessionTimeoutMinutes=30, roundTripTimeNanos=21640200}
2023-07-21T19:11:49.505+05:30  INFO 21080 --- [main] o.s.s.web.DefaultSecurityFilterChain     : Will secure any request with [org.springframework.security.web.session.DisableEncodeUrlFilter@743bb39a, org.springframework.security.web.context.request.async.WebAsyncManagerIntegrationFilter@2de3b052, org.springframework.security.web.context.SecurityContextHolderFilter@762bf32d, org.springframework.security.web.header.HeaderWriterFilter@18907af2, org.springframework.security.web.authentication.logout.LogoutFilter@634aa81e, org.springframework.security.web.authentication.www.BasicAuthenticationFilter@61a704d3, org.springframework.security.web.savedrequest.RequestCacheAwareFilter@7b1a30e5, org.springframework.security.web.servletapi.SecurityContextHolderAwareRequestFilter@1de7f898, org.springframework.security.web.authentication.AnonymousAuthenticationFilter@3f3c8b60, org.springframework.security.web.access.ExceptionTranslationFilter@63de4fa, org.springframework.security.web.access.intercept.AuthorizationFilter@2c8ff67]
2023-07-21T19:11:49.752+05:30  INFO 21080 --- [main] o.s.b.w.embedded.tomcat.TomcatWebServer  : Tomcat started on port(s): 8081 (http) with context path ''
2023-07-21T19:11:49.759+05:30  INFO 21080 --- [main] c.e.demo.UserCrudeOpratioApplication     : Started UserCrudeOpratioApplication in 2.233 seconds (process running for 2.697)
2023-07-21T19:12:18.063+05:30  INFO 21080 --- [http-nio-8081-exec-1] o.a.c.c.C.[Tomcat].[localhost].[/]       : Initializing Spring DispatcherServlet 'dispatcherServlet'
2023-07-21T19:12:18.063+05:30  INFO 21080 --- [http-nio-8081-exec-1] o.s.web.servlet.DispatcherServlet        : Initializing Servlet 'dispatcherServlet'
2023-07-21T19:12:18.064+05:30  INFO 21080 --- [http-nio-8081-exec-1] o.s.web.servlet.DispatcherServlet        : Completed initialization in 0 ms
2023-07-21T19:12:18.274+05:30  INFO 21080 --- [http-nio-8081-exec-1] c.e.d.interceptor.EmployeeInterceptor    : URL: /users/alluser | Method: GET
2023-07-21T19:12:18.282+05:30  INFO 21080 --- [http-nio-8081-exec-1] c.e.d.interceptor.EmployeeInterceptor    : URL: /error | Method: GET
2023-07-21T19:12:33.459+05:30  INFO 21080 --- [RMI TCP Connection(4)-127.0.0.1] inMXBeanRegistrar$SpringApplicationAdmin : Application shutdown requested.
2023-07-21T19:12:33.488+05:30  INFO 21080 --- [RMI TCP Connection(4)-127.0.0.1] o.apache.catalina.core.StandardService   : Stopping service [Tomcat]
2023-07-21T19:12:33.489+05:30  INFO 21080 --- [RMI TCP Connection(4)-127.0.0.1] o.a.c.c.C.[Tomcat].[localhost].[/]       : Destroying Spring FrameworkServlet 'dispatcherServlet'
2023-07-21T19:12:44.363+05:30  INFO 10016 --- [main] c.e.demo.UserCrudeOpratioApplication     : Starting UserCrudeOpratioApplication using Java 17.0.6 with PID 10016 (C:\EclipAlolproject\UserCrudeOpratio\UserCrudeOpratio\target\classes started by nexwa in C:\EclipAlolproject\UserCrudeOpratio\UserCrudeOpratio)
2023-07-21T19:12:44.366+05:30  INFO 10016 --- [main] c.e.demo.UserCrudeOpratioApplication     : No active profile set, falling back to 1 default profile: "default"
2023-07-21T19:12:44.786+05:30  INFO 10016 --- [main] .s.d.r.c.RepositoryConfigurationDelegate : Bootstrapping Spring Data MongoDB repositories in DEFAULT mode.
2023-07-21T19:12:44.829+05:30  INFO 10016 --- [main] .s.d.r.c.RepositoryConfigurationDelegate : Finished Spring Data repository scanning in 39 ms. Found 1 MongoDB repository interfaces.
2023-07-21T19:12:45.175+05:30  INFO 10016 --- [main] o.s.b.w.embedded.tomcat.TomcatWebServer  : Tomcat initialized with port(s): 8081 (http)
2023-07-21T19:12:45.183+05:30  INFO 10016 --- [main] o.apache.catalina.core.StandardService   : Starting service [Tomcat]
2023-07-21T19:12:45.184+05:30  INFO 10016 --- [main] o.apache.catalina.core.StandardEngine    : Starting Servlet engine: [Apache Tomcat/10.1.4]
2023-07-21T19:12:45.247+05:30  INFO 10016 --- [main] o.a.c.c.C.[Tomcat].[localhost].[/]       : Initializing Spring embedded WebApplicationContext
2023-07-21T19:12:45.248+05:30  INFO 10016 --- [main] w.s.c.ServletWebServerApplicationContext : Root WebApplicationContext: initialization completed in 850 ms
2023-07-21T19:12:45.395+05:30  INFO 10016 --- [main] org.mongodb.driver.client                : MongoClient with metadata {"driver": {"name": "mongo-java-driver|sync|spring-boot", "version": "4.8.1"}, "os": {"type": "Windows", "name": "Windows 11", "architecture": "amd64", "version": "10.0"}, "platform": "Java/Eclipse Adoptium/17.0.6+10"} created with settings MongoClientSettings{readPreference=primary, writeConcern=WriteConcern{w=null, wTimeout=null ms, journal=null}, retryWrites=true, retryReads=true, readConcern=ReadConcern{level=null}, credential=null, streamFactoryFactory=null, commandListeners=[], codecRegistry=ProvidersCodecRegistry{codecProviders=[ValueCodecProvider{}, BsonValueCodecProvider{}, DBRefCodecProvider{}, DBObjectCodecProvider{}, DocumentCodecProvider{}, CollectionCodecProvider{}, IterableCodecProvider{}, MapCodecProvider{}, GeoJsonCodecProvider{}, GridFSFileCodecProvider{}, Jsr310CodecProvider{}, JsonObjectCodecProvider{}, BsonCodecProvider{}, EnumCodecProvider{}, com.mongodb.Jep395RecordCodecProvider@7ecda95b]}, clusterSettings={hosts=[localhost:27017], srvServiceName=mongodb, mode=SINGLE, requiredClusterType=UNKNOWN, requiredReplicaSetName='null', serverSelector='null', clusterListeners='[]', serverSelectionTimeout='30000 ms', localThreshold='30000 ms'}, socketSettings=SocketSettings{connectTimeoutMS=10000, readTimeoutMS=0, receiveBufferSize=0, sendBufferSize=0}, heartbeatSocketSettings=SocketSettings{connectTimeoutMS=10000, readTimeoutMS=10000, receiveBufferSize=0, sendBufferSize=0}, connectionPoolSettings=ConnectionPoolSettings{maxSize=100, minSize=0, maxWaitTimeMS=120000, maxConnectionLifeTimeMS=0, maxConnectionIdleTimeMS=0, maintenanceInitialDelayMS=0, maintenanceFrequencyMS=60000, connectionPoolListeners=[], maxConnecting=2}, serverSettings=ServerSettings{heartbeatFrequencyMS=10000, minHeartbeatFrequencyMS=500, serverListeners='[]', serverMonitorListeners='[]'}, sslSettings=SslSettings{enabled=false, invalidHostNameAllowed=false, context=null}, applicationName='null', compressorList=[], uuidRepresentation=JAVA_LEGACY, serverApi=null, autoEncryptionSettings=null, contextProvider=null}
2023-07-21T19:12:45.406+05:30  INFO 10016 --- [cluster-ClusterId{value='64ba8b55ad4c423fa4ccaeec', description='null'}-localhost:27017] org.mongodb.driver.cluster               : Monitor thread successfully connected to server with description ServerDescription{address=localhost:27017, type=STANDALONE, state=CONNECTED, ok=true, minWireVersion=0, maxWireVersion=17, maxDocumentSize=16777216, logicalSessionTimeoutMinutes=30, roundTripTimeNanos=16713900}
2023-07-21T19:12:45.950+05:30  INFO 10016 --- [main] o.s.s.web.DefaultSecurityFilterChain     : Will secure any request with [org.springframework.security.web.session.DisableEncodeUrlFilter@5be51aa, org.springframework.security.web.context.request.async.WebAsyncManagerIntegrationFilter@3302035b, org.springframework.security.web.context.SecurityContextHolderFilter@4eeb14e0, org.springframework.security.web.header.HeaderWriterFilter@10bf1ec9, org.springframework.security.web.authentication.logout.LogoutFilter@5ce3409b, org.springframework.security.web.authentication.www.BasicAuthenticationFilter@634aa81e, org.springframework.security.web.savedrequest.RequestCacheAwareFilter@3d4ecc67, org.springframework.security.web.servletapi.SecurityContextHolderAwareRequestFilter@60dcf9ec, org.springframework.security.web.authentication.AnonymousAuthenticationFilter@6c5747db, org.springframework.security.web.access.ExceptionTranslationFilter@71b26880, org.springframework.security.web.access.intercept.AuthorizationFilter@7e747037]
2023-07-21T19:12:46.198+05:30  INFO 10016 --- [main] o.s.b.w.embedded.tomcat.TomcatWebServer  : Tomcat started on port(s): 8081 (http) with context path ''
2023-07-21T19:12:46.207+05:30  INFO 10016 --- [main] c.e.demo.UserCrudeOpratioApplication     : Started UserCrudeOpratioApplication in 2.167 seconds (process running for 2.663)
2023-07-21T19:13:11.901+05:30  INFO 10016 --- [http-nio-8081-exec-1] o.a.c.c.C.[Tomcat].[localhost].[/]       : Initializing Spring DispatcherServlet 'dispatcherServlet'
2023-07-21T19:13:11.902+05:30  INFO 10016 --- [http-nio-8081-exec-1] o.s.web.servlet.DispatcherServlet        : Initializing Servlet 'dispatcherServlet'
2023-07-21T19:13:11.903+05:30  INFO 10016 --- [http-nio-8081-exec-1] o.s.web.servlet.DispatcherServlet        : Completed initialization in 1 ms
2023-07-21T19:13:23.845+05:30  INFO 10016 --- [http-nio-8081-exec-2] c.e.d.interceptor.EmployeeInterceptor    : URL: /users/alluser | Method: GET
2023-07-21T19:13:23.848+05:30  INFO 10016 --- [http-nio-8081-exec-2] c.e.d.interceptor.EmployeeInterceptor    : URL: /error | Method: GET
2023-07-21T19:13:24.004+05:30  INFO 10016 --- [http-nio-8081-exec-6] c.e.d.interceptor.EmployeeInterceptor    : URL: /favicon.ico | Method: GET
2023-07-21T19:13:24.005+05:30  INFO 10016 --- [http-nio-8081-exec-6] c.e.d.interceptor.EmployeeInterceptor    : URL: /error | Method: GET
2023-07-21T19:13:28.625+05:30  INFO 10016 --- [http-nio-8081-exec-3] c.e.d.interceptor.EmployeeInterceptor    : URL: /users/alluser | Method: GET
2023-07-21T19:13:28.627+05:30  INFO 10016 --- [http-nio-8081-exec-3] c.e.d.interceptor.EmployeeInterceptor    : URL: /error | Method: GET
2023-07-21T19:13:30.457+05:30  INFO 10016 --- [http-nio-8081-exec-5] c.e.d.interceptor.EmployeeInterceptor    : URL: /users/alluser | Method: GET
2023-07-21T19:13:30.460+05:30  INFO 10016 --- [http-nio-8081-exec-5] c.e.d.interceptor.EmployeeInterceptor    : URL: /error | Method: GET
2023-07-21T19:13:30.648+05:30  INFO 10016 --- [http-nio-8081-exec-7] c.e.d.interceptor.EmployeeInterceptor    : URL: /users/alluser | Method: GET
2023-07-21T19:13:30.650+05:30  INFO 10016 --- [http-nio-8081-exec-7] c.e.d.interceptor.EmployeeInterceptor    : URL: /error | Method: GET
2023-07-21T19:13:30.823+05:30  INFO 10016 --- [http-nio-8081-exec-8] c.e.d.interceptor.EmployeeInterceptor    : URL: /users/alluser | Method: GET
2023-07-21T19:13:30.824+05:30  INFO 10016 --- [http-nio-8081-exec-8] c.e.d.interceptor.EmployeeInterceptor    : URL: /error | Method: GET
2023-07-21T19:13:53.100+05:30  INFO 10016 --- [http-nio-8081-exec-10] c.e.d.interceptor.EmployeeInterceptor    : URL: /users/alluser | Method: GET
2023-07-21T19:13:53.101+05:30  INFO 10016 --- [http-nio-8081-exec-10] c.e.d.interceptor.EmployeeInterceptor    : URL: /error | Method: GET
2023-07-21T19:14:04.586+05:30  INFO 10016 --- [http-nio-8081-exec-1] c.e.d.interceptor.EmployeeInterceptor    : URL: /login | Method: GET
2023-07-21T19:14:04.587+05:30  INFO 10016 --- [http-nio-8081-exec-1] c.e.d.interceptor.EmployeeInterceptor    : URL: /error | Method: GET
2023-07-21T19:14:37.380+05:30  INFO 10016 --- [http-nio-8081-exec-3] c.e.d.interceptor.EmployeeInterceptor    : URL: /users/alluser | Method: GET
2023-07-21T19:14:37.383+05:30  INFO 10016 --- [http-nio-8081-exec-3] c.e.d.interceptor.EmployeeInterceptor    : URL: /error | Method: GET
2023-07-21T19:14:37.510+05:30  INFO 10016 --- [http-nio-8081-exec-7] c.e.d.interceptor.EmployeeInterceptor    : URL: /favicon.ico | Method: GET
2023-07-21T19:14:37.512+05:30  INFO 10016 --- [http-nio-8081-exec-7] c.e.d.interceptor.EmployeeInterceptor    : URL: /error | Method: GET
2023-07-21T19:15:16.444+05:30  INFO 10016 --- [RMI TCP Connection(6)-127.0.0.1] inMXBeanRegistrar$SpringApplicationAdmin : Application shutdown requested.
2023-07-21T19:15:16.476+05:30  INFO 10016 --- [RMI TCP Connection(6)-127.0.0.1] o.apache.catalina.core.StandardService   : Stopping service [Tomcat]
2023-07-21T19:15:16.477+05:30  INFO 10016 --- [RMI TCP Connection(6)-127.0.0.1] o.a.c.c.C.[Tomcat].[localhost].[/]       : Destroying Spring FrameworkServlet 'dispatcherServlet'
2023-07-21T19:15:18.146+05:30  INFO 8280 --- [main] c.e.demo.UserCrudeOpratioApplication     : Starting UserCrudeOpratioApplication using Java 17.0.6 with PID 8280 (C:\EclipAlolproject\UserCrudeOpratio\UserCrudeOpratio\target\classes started by nexwa in C:\EclipAlolproject\UserCrudeOpratio\UserCrudeOpratio)
2023-07-21T19:15:18.148+05:30  INFO 8280 --- [main] c.e.demo.UserCrudeOpratioApplication     : No active profile set, falling back to 1 default profile: "default"
2023-07-21T19:15:18.557+05:30  INFO 8280 --- [main] .s.d.r.c.RepositoryConfigurationDelegate : Bootstrapping Spring Data MongoDB repositories in DEFAULT mode.
2023-07-21T19:15:18.598+05:30  INFO 8280 --- [main] .s.d.r.c.RepositoryConfigurationDelegate : Finished Spring Data repository scanning in 37 ms. Found 1 MongoDB repository interfaces.
2023-07-21T19:15:18.946+05:30  INFO 8280 --- [main] o.s.b.w.embedded.tomcat.TomcatWebServer  : Tomcat initialized with port(s): 8081 (http)
2023-07-21T19:15:18.953+05:30  INFO 8280 --- [main] o.apache.catalina.core.StandardService   : Starting service [Tomcat]
2023-07-21T19:15:18.953+05:30  INFO 8280 --- [main] o.apache.catalina.core.StandardEngine    : Starting Servlet engine: [Apache Tomcat/10.1.4]
2023-07-21T19:15:19.012+05:30  INFO 8280 --- [main] o.a.c.c.C.[Tomcat].[localhost].[/]       : Initializing Spring embedded WebApplicationContext
2023-07-21T19:15:19.013+05:30  INFO 8280 --- [main] w.s.c.ServletWebServerApplicationContext : Root WebApplicationContext: initialization completed in 834 ms
2023-07-21T19:15:19.152+05:30  INFO 8280 --- [main] org.mongodb.driver.client                : MongoClient with metadata {"driver": {"name": "mongo-java-driver|sync|spring-boot", "version": "4.8.1"}, "os": {"type": "Windows", "name": "Windows 11", "architecture": "amd64", "version": "10.0"}, "platform": "Java/Eclipse Adoptium/17.0.6+10"} created with settings MongoClientSettings{readPreference=primary, writeConcern=WriteConcern{w=null, wTimeout=null ms, journal=null}, retryWrites=true, retryReads=true, readConcern=ReadConcern{level=null}, credential=null, streamFactoryFactory=null, commandListeners=[], codecRegistry=ProvidersCodecRegistry{codecProviders=[ValueCodecProvider{}, BsonValueCodecProvider{}, DBRefCodecProvider{}, DBObjectCodecProvider{}, DocumentCodecProvider{}, CollectionCodecProvider{}, IterableCodecProvider{}, MapCodecProvider{}, GeoJsonCodecProvider{}, GridFSFileCodecProvider{}, Jsr310CodecProvider{}, JsonObjectCodecProvider{}, BsonCodecProvider{}, EnumCodecProvider{}, com.mongodb.Jep395RecordCodecProvider@68b11545]}, clusterSettings={hosts=[localhost:27017], srvServiceName=mongodb, mode=SINGLE, requiredClusterType=UNKNOWN, requiredReplicaSetName='null', serverSelector='null', clusterListeners='[]', serverSelectionTimeout='30000 ms', localThreshold='30000 ms'}, socketSettings=SocketSettings{connectTimeoutMS=10000, readTimeoutMS=0, receiveBufferSize=0, sendBufferSize=0}, heartbeatSocketSettings=SocketSettings{connectTimeoutMS=10000, readTimeoutMS=10000, receiveBufferSize=0, sendBufferSize=0}, connectionPoolSettings=ConnectionPoolSettings{maxSize=100, minSize=0, maxWaitTimeMS=120000, maxConnectionLifeTimeMS=0, maxConnectionIdleTimeMS=0, maintenanceInitialDelayMS=0, maintenanceFrequencyMS=60000, connectionPoolListeners=[], maxConnecting=2}, serverSettings=ServerSettings{heartbeatFrequencyMS=10000, minHeartbeatFrequencyMS=500, serverListeners='[]', serverMonitorListeners='[]'}, sslSettings=SslSettings{enabled=false, invalidHostNameAllowed=false, context=null}, applicationName='null', compressorList=[], uuidRepresentation=JAVA_LEGACY, serverApi=null, autoEncryptionSettings=null, contextProvider=null}
2023-07-21T19:15:19.322+05:30  INFO 8280 --- [cluster-ClusterId{value='64ba8bef055c073d0c01409d', description='null'}-localhost:27017] org.mongodb.driver.cluster               : Monitor thread successfully connected to server with description ServerDescription{address=localhost:27017, type=STANDALONE, state=CONNECTED, ok=true, minWireVersion=0, maxWireVersion=17, maxDocumentSize=16777216, logicalSessionTimeoutMinutes=30, roundTripTimeNanos=175240500}
2023-07-21T19:15:19.716+05:30  INFO 8280 --- [main] o.s.s.web.DefaultSecurityFilterChain     : Will secure any request with [org.springframework.security.web.session.DisableEncodeUrlFilter@22b82ddf, org.springframework.security.web.context.request.async.WebAsyncManagerIntegrationFilter@28bf82d9, org.springframework.security.web.context.SecurityContextHolderFilter@4c063cb9, org.springframework.security.web.header.HeaderWriterFilter@5b322873, org.springframework.security.web.authentication.logout.LogoutFilter@5e37fb82, org.springframework.security.web.authentication.www.BasicAuthenticationFilter@7afe0e67, org.springframework.security.web.savedrequest.RequestCacheAwareFilter@26bb92e2, org.springframework.security.web.servletapi.SecurityContextHolderAwareRequestFilter@18907af2, org.springframework.security.web.authentication.AnonymousAuthenticationFilter@44ccd75c, org.springframework.security.web.access.ExceptionTranslationFilter@72a7aa4f, org.springframework.security.web.access.intercept.AuthorizationFilter@74b1838]
2023-07-21T19:15:19.967+05:30  INFO 8280 --- [main] o.s.b.w.embedded.tomcat.TomcatWebServer  : Tomcat started on port(s): 8081 (http) with context path ''
2023-07-21T19:15:19.973+05:30  INFO 8280 --- [main] c.e.demo.UserCrudeOpratioApplication     : Started UserCrudeOpratioApplication in 2.146 seconds (process running for 2.654)
2023-07-21T19:15:37.262+05:30  INFO 8280 --- [http-nio-8081-exec-1] o.a.c.c.C.[Tomcat].[localhost].[/]       : Initializing Spring DispatcherServlet 'dispatcherServlet'
2023-07-21T19:15:37.262+05:30  INFO 8280 --- [http-nio-8081-exec-1] o.s.web.servlet.DispatcherServlet        : Initializing Servlet 'dispatcherServlet'
2023-07-21T19:15:37.263+05:30  INFO 8280 --- [http-nio-8081-exec-1] o.s.web.servlet.DispatcherServlet        : Completed initialization in 1 ms
2023-07-21T19:15:37.471+05:30  INFO 8280 --- [http-nio-8081-exec-1] c.e.d.interceptor.EmployeeInterceptor    : URL: /uapi/getall | Method: GET
2023-07-21T19:15:37.480+05:30  INFO 8280 --- [http-nio-8081-exec-1] c.e.d.interceptor.EmployeeInterceptor    : URL: /error | Method: GET
2023-07-21T19:15:45.649+05:30  INFO 8280 --- [http-nio-8081-exec-2] c.e.d.interceptor.EmployeeInterceptor    : URL: /api/getall | Method: GET
2023-07-21T19:16:06.796+05:30  INFO 8280 --- [http-nio-8081-exec-5] c.e.d.interceptor.EmployeeInterceptor    : URL: /login | Method: GET
2023-07-21T19:16:06.798+05:30  INFO 8280 --- [http-nio-8081-exec-5] c.e.d.interceptor.EmployeeInterceptor    : URL: /error | Method: GET
2023-07-21T19:16:45.560+05:30  INFO 8280 --- [http-nio-8081-exec-7] c.e.d.interceptor.EmployeeInterceptor    : URL: /api/getall | Method: GET
2023-07-21T19:16:45.563+05:30  INFO 8280 --- [http-nio-8081-exec-7] c.e.d.interceptor.EmployeeInterceptor    : URL: /error | Method: GET
2023-07-21T19:16:45.698+05:30  INFO 8280 --- [http-nio-8081-exec-9] c.e.d.interceptor.EmployeeInterceptor    : URL: /favicon.ico | Method: GET
2023-07-21T19:16:45.700+05:30  INFO 8280 --- [http-nio-8081-exec-9] c.e.d.interceptor.EmployeeInterceptor    : URL: /error | Method: GET
2023-07-21T19:17:24.242+05:30  INFO 8280 --- [http-nio-8081-exec-1] c.e.d.interceptor.EmployeeInterceptor    : URL: /api/getall | Method: GET
2023-07-21T19:17:24.244+05:30  INFO 8280 --- [http-nio-8081-exec-1] c.e.d.interceptor.EmployeeInterceptor    : URL: /error | Method: GET
2023-07-21T19:17:33.337+05:30  INFO 8280 --- [http-nio-8081-exec-5] c.e.d.interceptor.EmployeeInterceptor    : URL: /login | Method: GET
2023-07-21T19:17:33.341+05:30  INFO 8280 --- [http-nio-8081-exec-5] c.e.d.interceptor.EmployeeInterceptor    : URL: /error | Method: GET
2023-07-21T19:18:03.751+05:30  INFO 8280 --- [http-nio-8081-exec-7] c.e.d.interceptor.EmployeeInterceptor    : URL: /api/getall | Method: GET
2023-07-21T19:18:03.882+05:30  INFO 8280 --- [http-nio-8081-exec-9] c.e.d.interceptor.EmployeeInterceptor    : URL: /favicon.ico | Method: GET
